[2025-12-19 00:02:51] [INFO] [] [traceId=] [spanId=] [reqId=] [user=] [c.n.d.s.r.aws.ConfigClusterResolver:43] - Resolving eureka endpoints via configuration
[2025-12-19 00:07:51] [INFO] [] [traceId=] [spanId=] [reqId=] [user=] [c.n.d.s.r.aws.ConfigClusterResolver:?] - Resolving eureka endpoints via configuration
[2025-12-19 00:12:51] [INFO] [] [traceId=] [spanId=] [reqId=] [user=] [c.n.d.s.r.aws.ConfigClusterResolver:?] - Resolving eureka endpoints via configuration
[2025-12-19 00:17:51] [INFO] [] [traceId=] [spanId=] [reqId=] [user=] [c.n.d.s.r.aws.ConfigClusterResolver:43] - Resolving eureka endpoints via configuration
[2025-12-19 00:22:51] [INFO] [] [traceId=] [spanId=] [reqId=] [user=] [c.n.d.s.r.aws.ConfigClusterResolver:?] - Resolving eureka endpoints via configuration
[2025-12-19 00:27:51] [INFO] [] [traceId=] [spanId=] [reqId=] [user=] [c.n.d.s.r.aws.ConfigClusterResolver:?] - Resolving eureka endpoints via configuration
[2025-12-19 00:32:51] [INFO] [] [traceId=] [spanId=] [reqId=] [user=] [c.n.d.s.r.aws.ConfigClusterResolver:?] - Resolving eureka endpoints via configuration
[2025-12-19 00:37:51] [INFO] [] [traceId=] [spanId=] [reqId=] [user=] [c.n.d.s.r.aws.ConfigClusterResolver:?] - Resolving eureka endpoints via configuration
[2025-12-19 12:03:13] [INFO] [] [traceId=] [spanId=] [reqId=] [user=] [o.h.validator.internal.util.Version:?] - HV000001: Hibernate Validator 8.0.1.Final
[2025-12-19 12:03:13] [INFO] [Payment] [traceId=] [spanId=] [reqId=] [user=] [c.e.p.PaymentApplication:?] - Starting PaymentApplication using Java 17.0.16 with PID 10180 (D:\workspace\services\ecommerce\ecommerce-backend\paymentservice\target\classes started by ADMIN in D:\workspace\services\ecommerce\ecommerce-backend\paymentservice)
[2025-12-19 12:03:13] [INFO] [Payment] [traceId=] [spanId=] [reqId=] [user=] [c.e.p.PaymentApplication:?] - No active profile set, falling back to 1 default profile: "default"
[2025-12-19 12:03:14] [INFO] [Payment] [traceId=] [spanId=] [reqId=] [user=] [o.s.d.r.c.RepositoryConfigurationDelegate:?] - Bootstrapping Spring Data JPA repositories in DEFAULT mode.
[2025-12-19 12:03:14] [INFO] [Payment] [traceId=] [spanId=] [reqId=] [user=] [o.s.d.r.c.RepositoryConfigurationDelegate:?] - Finished Spring Data repository scanning in 150 ms. Found 1 JPA repository interface.
[2025-12-19 12:03:14] [INFO] [Payment] [traceId=] [spanId=] [reqId=] [user=] [o.s.cloud.context.scope.GenericScope:?] - BeanFactory id=1eb1bcf4-856a-371f-b96c-3b38f9a07065
[2025-12-19 12:03:15] [WARN] [Payment] [traceId=] [spanId=] [reqId=] [user=] [o.s.c.s.PostProcessorRegistrationDelegate$BeanPostProcessorChecker:?] - Bean 'org.springframework.cloud.client.loadbalancer.LoadBalancerAutoConfiguration$DeferringLoadBalancerInterceptorConfig' of type [org.springframework.cloud.client.loadbalancer.LoadBalancerAutoConfiguration$DeferringLoadBalancerInterceptorConfig] is not eligible for getting processed by all BeanPostProcessors (for example: not eligible for auto-proxying). The currently created BeanPostProcessor [lbRestClientPostProcessor] is declared through a non-static factory method on that class; consider declaring it as static instead.
[2025-12-19 12:03:15] [WARN] [Payment] [traceId=] [spanId=] [reqId=] [user=] [o.s.c.s.PostProcessorRegistrationDelegate$BeanPostProcessorChecker:?] - Bean 'deferringLoadBalancerInterceptor' of type [org.springframework.cloud.client.loadbalancer.DeferringLoadBalancerInterceptor] is not eligible for getting processed by all BeanPostProcessors (for example: not eligible for auto-proxying). Is this bean getting eagerly injected into a currently created BeanPostProcessor [lbRestClientPostProcessor]? Check the corresponding BeanPostProcessor declaration and its dependencies.
[2025-12-19 12:03:15] [INFO] [Payment] [traceId=] [spanId=] [reqId=] [user=] [o.s.b.w.e.tomcat.TomcatWebServer:?] - Tomcat initialized with port 8085 (http)
[2025-12-19 12:03:15] [INFO] [Payment] [traceId=] [spanId=] [reqId=] [user=] [o.a.coyote.http11.Http11NioProtocol:?] - Initializing ProtocolHandler ["http-nio-8085"]
[2025-12-19 12:03:15] [INFO] [Payment] [traceId=] [spanId=] [reqId=] [user=] [o.a.catalina.core.StandardService:173] - Starting service [Tomcat]
[2025-12-19 12:03:15] [INFO] [Payment] [traceId=] [spanId=] [reqId=] [user=] [o.a.catalina.core.StandardEngine:?] - Starting Servlet engine: [Apache Tomcat/10.1.30]
[2025-12-19 12:03:15] [INFO] [Payment] [traceId=] [spanId=] [reqId=] [user=] [o.a.c.c.C.[Tomcat].[localhost].[/]:?] - Initializing Spring embedded WebApplicationContext
[2025-12-19 12:03:15] [INFO] [Payment] [traceId=] [spanId=] [reqId=] [user=] [o.s.b.w.s.c.ServletWebServerApplicationContext:?] - Root WebApplicationContext: initialization completed in 2074 ms
[2025-12-19 12:03:15] [INFO] [Payment] [traceId=] [spanId=] [reqId=] [user=] [o.h.jpa.internal.util.LogHelper:31] - HHH000204: Processing PersistenceUnitInfo [name: default]
[2025-12-19 12:03:15] [INFO] [Payment] [traceId=] [spanId=] [reqId=] [user=] [org.hibernate.Version:?] - HHH000412: Hibernate ORM core version 6.5.3.Final
[2025-12-19 12:03:15] [INFO] [Payment] [traceId=] [spanId=] [reqId=] [user=] [o.h.c.i.RegionFactoryInitiator:?] - HHH000026: Second-level cache disabled
[2025-12-19 12:03:16] [INFO] [Payment] [traceId=] [spanId=] [reqId=] [user=] [o.s.o.j.p.SpringPersistenceUnitInfo:?] - No LoadTimeWeaver setup: ignoring JPA class transformer
[2025-12-19 12:03:16] [INFO] [Payment] [traceId=] [spanId=] [reqId=] [user=] [com.zaxxer.hikari.HikariDataSource:?] - HikariPool-1 - Starting...
[2025-12-19 12:03:16] [INFO] [Payment] [traceId=] [spanId=] [reqId=] [user=] [com.zaxxer.hikari.pool.HikariPool:554] - HikariPool-1 - Added connection conn0: url=jdbc:h2:file:D:/workspace/services/ecommerce/ecommerce-backend/main user=SA
[2025-12-19 12:03:16] [INFO] [Payment] [traceId=] [spanId=] [reqId=] [user=] [com.zaxxer.hikari.HikariDataSource:?] - HikariPool-1 - Start completed.
[2025-12-19 12:03:17] [INFO] [Payment] [traceId=] [spanId=] [reqId=] [user=] [o.h.e.t.j.p.i.JtaPlatformInitiator:?] - HHH000489: No JTA platform available (set 'hibernate.transaction.jta.platform' to enable JTA platform integration)
[2025-12-19 12:03:17] [INFO] [Payment] [traceId=] [spanId=] [reqId=] [user=] [o.s.o.j.LocalContainerEntityManagerFactoryBean:?] - Initialized JPA EntityManagerFactory for persistence unit 'default'
[2025-12-19 12:03:17] [WARN] [Payment] [traceId=] [spanId=] [reqId=] [user=] [o.s.b.a.o.j.JpaBaseConfiguration$JpaWebConfiguration:?] - spring.jpa.open-in-view is enabled by default. Therefore, database queries may be performed during view rendering. Explicitly configure spring.jpa.open-in-view to disable this warning
[2025-12-19 12:03:17] [WARN] [Payment] [traceId=] [spanId=] [reqId=] [user=] [o.s.b.a.s.s.UserDetailsServiceAutoConfiguration:?] - 

Using generated security password: 223fdc4d-9a69-4cff-82dd-793bfdfe9e7c

This generated password is for development use only. Your security configuration must be updated before running your application in production.

[2025-12-19 12:03:17] [INFO] [Payment] [traceId=] [spanId=] [reqId=] [user=] [o.s.s.c.a.a.c.InitializeUserDetailsBeanManagerConfigurer$InitializeUserDetailsManagerConfigurer:?] - Global AuthenticationManager configured with UserDetailsService bean with name inMemoryUserDetailsManager
[2025-12-19 12:03:18] [INFO] [Payment] [traceId=] [spanId=] [reqId=] [user=] [o.s.c.n.e.c.DiscoveryClientOptionalArgsConfiguration:?] - Eureka HTTP Client uses RestTemplate.
[2025-12-19 12:03:18] [WARN] [Payment] [traceId=] [spanId=] [reqId=] [user=] [o.s.c.l.c.LoadBalancerCacheAutoConfiguration$LoadBalancerCaffeineWarnLogger:?] - Spring Cloud LoadBalancer is currently working with the default cache. While this cache implementation is useful for development and tests, it's recommended to use Caffeine cache in production.You can switch to using Caffeine cache, by adding it and org.springframework.cache.caffeine.CaffeineCacheManager to the classpath.
[2025-12-19 12:03:18] [INFO] [Payment] [traceId=] [spanId=] [reqId=] [user=] [o.s.c.n.eureka.InstanceInfoFactory:?] - Setting initial instance status as: STARTING
[2025-12-19 12:03:18] [INFO] [Payment] [traceId=] [spanId=] [reqId=] [user=] [c.netflix.discovery.DiscoveryClient:?] - Initializing Eureka in region us-east-1
[2025-12-19 12:03:18] [INFO] [Payment] [traceId=] [spanId=] [reqId=] [user=] [c.n.d.s.r.aws.ConfigClusterResolver:?] - Resolving eureka endpoints via configuration
[2025-12-19 12:03:18] [INFO] [Payment] [traceId=] [spanId=] [reqId=] [user=] [c.netflix.discovery.DiscoveryClient:?] - Disable delta property : false
[2025-12-19 12:03:18] [INFO] [Payment] [traceId=] [spanId=] [reqId=] [user=] [c.netflix.discovery.DiscoveryClient:?] - Single vip registry refresh property : null
[2025-12-19 12:03:18] [INFO] [Payment] [traceId=] [spanId=] [reqId=] [user=] [c.netflix.discovery.DiscoveryClient:956] - Force full registry fetch : false
[2025-12-19 12:03:18] [INFO] [Payment] [traceId=] [spanId=] [reqId=] [user=] [c.netflix.discovery.DiscoveryClient:?] - Application is null : false
[2025-12-19 12:03:18] [INFO] [Payment] [traceId=] [spanId=] [reqId=] [user=] [c.netflix.discovery.DiscoveryClient:?] - Registered Applications size is zero : true
[2025-12-19 12:03:18] [INFO] [Payment] [traceId=] [spanId=] [reqId=] [user=] [c.netflix.discovery.DiscoveryClient:?] - Application version is -1: true
[2025-12-19 12:03:18] [INFO] [Payment] [traceId=] [spanId=] [reqId=] [user=] [c.netflix.discovery.DiscoveryClient:1042] - Getting all instance registry info from the eureka server
[2025-12-19 12:03:19] [INFO] [Payment] [traceId=] [spanId=] [reqId=] [user=] [c.netflix.discovery.DiscoveryClient:?] - The response status is 200
[2025-12-19 12:03:19] [INFO] [Payment] [traceId=] [spanId=] [reqId=] [user=] [c.netflix.discovery.DiscoveryClient:?] - Starting heartbeat executor: renew interval is: 30
[2025-12-19 12:03:19] [INFO] [Payment] [traceId=] [spanId=] [reqId=] [user=] [c.n.discovery.InstanceInfoReplicator:?] - InstanceInfoReplicator onDemand update allowed rate per min is 4
[2025-12-19 12:03:19] [INFO] [Payment] [traceId=] [spanId=] [reqId=] [user=] [c.netflix.discovery.DiscoveryClient:?] - Discovery Client initialized at timestamp 1766125999415 with initial instances count: 3
[2025-12-19 12:03:19] [INFO] [Payment] [traceId=] [spanId=] [reqId=] [user=] [o.s.c.n.e.s.EurekaServiceRegistry:?] - Registering application PAYMENTSERVICE with eureka with status UP
[2025-12-19 12:03:19] [INFO] [Payment] [traceId=] [spanId=] [reqId=] [user=] [c.netflix.discovery.DiscoveryClient:?] - Saw local status change event StatusChangeEvent [timestamp=1766125999424, current=UP, previous=STARTING]
[2025-12-19 12:03:19] [INFO] [Payment] [traceId=] [spanId=] [reqId=] [user=] [o.a.coyote.http11.Http11NioProtocol:173] - Starting ProtocolHandler ["http-nio-8085"]
[2025-12-19 12:03:19] [INFO] [] [traceId=] [spanId=] [reqId=] [user=] [c.netflix.discovery.DiscoveryClient:?] - DiscoveryClient_PAYMENTSERVICE/192.168.1.7:paymentservice:8085: registering service...
[2025-12-19 12:03:19] [INFO] [Payment] [traceId=] [spanId=] [reqId=] [user=] [o.s.b.w.e.tomcat.TomcatWebServer:243] - Tomcat started on port 8085 (http) with context path '/'
[2025-12-19 12:03:19] [INFO] [Payment] [traceId=] [spanId=] [reqId=] [user=] [o.s.c.n.e.s.EurekaAutoServiceRegistration:?] - Updating port to 8085
[2025-12-19 12:03:19] [INFO] [] [traceId=] [spanId=] [reqId=] [user=] [c.netflix.discovery.DiscoveryClient:?] - DiscoveryClient_PAYMENTSERVICE/192.168.1.7:paymentservice:8085 - registration status: 204
[2025-12-19 12:03:19] [INFO] [Payment] [traceId=] [spanId=] [reqId=] [user=] [c.e.p.PaymentApplication:?] - Started PaymentApplication in 7.326 seconds (process running for 7.77)
[2025-12-19 12:08:19] [INFO] [] [traceId=] [spanId=] [reqId=] [user=] [c.n.d.s.r.aws.ConfigClusterResolver:?] - Resolving eureka endpoints via configuration
[2025-12-19 12:13:19] [INFO] [] [traceId=] [spanId=] [reqId=] [user=] [c.n.d.s.r.aws.ConfigClusterResolver:?] - Resolving eureka endpoints via configuration
[2025-12-19 12:18:19] [INFO] [] [traceId=] [spanId=] [reqId=] [user=] [c.n.d.s.r.aws.ConfigClusterResolver:?] - Resolving eureka endpoints via configuration
[2025-12-19 12:23:19] [INFO] [] [traceId=] [spanId=] [reqId=] [user=] [c.n.d.s.r.aws.ConfigClusterResolver:?] - Resolving eureka endpoints via configuration
[2025-12-19 12:28:19] [INFO] [] [traceId=] [spanId=] [reqId=] [user=] [c.n.d.s.r.aws.ConfigClusterResolver:?] - Resolving eureka endpoints via configuration
[2025-12-19 12:33:19] [INFO] [] [traceId=] [spanId=] [reqId=] [user=] [c.n.d.s.r.aws.ConfigClusterResolver:?] - Resolving eureka endpoints via configuration
[2025-12-19 12:38:19] [INFO] [] [traceId=] [spanId=] [reqId=] [user=] [c.n.d.s.r.aws.ConfigClusterResolver:?] - Resolving eureka endpoints via configuration
[2025-12-19 12:43:19] [INFO] [] [traceId=] [spanId=] [reqId=] [user=] [c.n.d.s.r.aws.ConfigClusterResolver:?] - Resolving eureka endpoints via configuration
[2025-12-19 12:48:19] [INFO] [] [traceId=] [spanId=] [reqId=] [user=] [c.n.d.s.r.aws.ConfigClusterResolver:?] - Resolving eureka endpoints via configuration
[2025-12-19 12:53:19] [INFO] [] [traceId=] [spanId=] [reqId=] [user=] [c.n.d.s.r.aws.ConfigClusterResolver:?] - Resolving eureka endpoints via configuration
[2025-12-19 12:58:19] [INFO] [] [traceId=] [spanId=] [reqId=] [user=] [c.n.d.s.r.aws.ConfigClusterResolver:?] - Resolving eureka endpoints via configuration
[2025-12-19 13:03:19] [INFO] [] [traceId=] [spanId=] [reqId=] [user=] [c.n.d.s.r.aws.ConfigClusterResolver:?] - Resolving eureka endpoints via configuration
[2025-12-19 13:08:19] [INFO] [] [traceId=] [spanId=] [reqId=] [user=] [c.n.d.s.r.aws.ConfigClusterResolver:?] - Resolving eureka endpoints via configuration
[2025-12-19 13:13:19] [INFO] [] [traceId=] [spanId=] [reqId=] [user=] [c.n.d.s.r.aws.ConfigClusterResolver:?] - Resolving eureka endpoints via configuration
[2025-12-19 13:18:19] [INFO] [] [traceId=] [spanId=] [reqId=] [user=] [c.n.d.s.r.aws.ConfigClusterResolver:?] - Resolving eureka endpoints via configuration
[2025-12-19 13:23:19] [INFO] [] [traceId=] [spanId=] [reqId=] [user=] [c.n.d.s.r.aws.ConfigClusterResolver:?] - Resolving eureka endpoints via configuration
[2025-12-19 13:28:19] [INFO] [] [traceId=] [spanId=] [reqId=] [user=] [c.n.d.s.r.aws.ConfigClusterResolver:?] - Resolving eureka endpoints via configuration
[2025-12-19 13:33:19] [INFO] [] [traceId=] [spanId=] [reqId=] [user=] [c.n.d.s.r.aws.ConfigClusterResolver:?] - Resolving eureka endpoints via configuration
[2025-12-19 13:38:19] [INFO] [] [traceId=] [spanId=] [reqId=] [user=] [c.n.d.s.r.aws.ConfigClusterResolver:?] - Resolving eureka endpoints via configuration
[2025-12-19 13:43:19] [INFO] [] [traceId=] [spanId=] [reqId=] [user=] [c.n.d.s.r.aws.ConfigClusterResolver:43] - Resolving eureka endpoints via configuration
[2025-12-19 13:48:19] [INFO] [] [traceId=] [spanId=] [reqId=] [user=] [c.n.d.s.r.aws.ConfigClusterResolver:?] - Resolving eureka endpoints via configuration
[2025-12-19 13:54:36] [WARN] [] [traceId=] [spanId=] [reqId=] [user=] [com.zaxxer.hikari.pool.HikariPool:?] - HikariPool-1 - Thread starvation or clock leap detected (housekeeper delta=5m18s668ms592µs1ns).
[2025-12-19 13:58:07] [INFO] [] [traceId=] [spanId=] [reqId=] [user=] [c.n.d.s.r.aws.ConfigClusterResolver:?] - Resolving eureka endpoints via configuration
[2025-12-19 14:03:07] [INFO] [] [traceId=] [spanId=] [reqId=] [user=] [c.n.d.s.r.aws.ConfigClusterResolver:?] - Resolving eureka endpoints via configuration
[2025-12-19 14:08:07] [INFO] [] [traceId=] [spanId=] [reqId=] [user=] [c.n.d.s.r.aws.ConfigClusterResolver:?] - Resolving eureka endpoints via configuration
[2025-12-19 14:13:07] [INFO] [] [traceId=] [spanId=] [reqId=] [user=] [c.n.d.s.r.aws.ConfigClusterResolver:?] - Resolving eureka endpoints via configuration
[2025-12-19 14:18:08] [INFO] [] [traceId=] [spanId=] [reqId=] [user=] [c.n.d.s.r.aws.ConfigClusterResolver:?] - Resolving eureka endpoints via configuration
[2025-12-19 14:23:08] [INFO] [] [traceId=] [spanId=] [reqId=] [user=] [c.n.d.s.r.aws.ConfigClusterResolver:?] - Resolving eureka endpoints via configuration
[2025-12-19 14:28:08] [INFO] [] [traceId=] [spanId=] [reqId=] [user=] [c.n.d.s.r.aws.ConfigClusterResolver:?] - Resolving eureka endpoints via configuration
[2025-12-19 14:33:08] [INFO] [] [traceId=] [spanId=] [reqId=] [user=] [c.n.d.s.r.aws.ConfigClusterResolver:?] - Resolving eureka endpoints via configuration
[2025-12-19 14:38:08] [INFO] [] [traceId=] [spanId=] [reqId=] [user=] [c.n.d.s.r.aws.ConfigClusterResolver:43] - Resolving eureka endpoints via configuration
[2025-12-19 14:43:08] [INFO] [] [traceId=] [spanId=] [reqId=] [user=] [c.n.d.s.r.aws.ConfigClusterResolver:?] - Resolving eureka endpoints via configuration
[2025-12-19 14:48:08] [INFO] [] [traceId=] [spanId=] [reqId=] [user=] [c.n.d.s.r.aws.ConfigClusterResolver:?] - Resolving eureka endpoints via configuration
[2025-12-19 14:53:08] [INFO] [] [traceId=] [spanId=] [reqId=] [user=] [c.n.d.s.r.aws.ConfigClusterResolver:43] - Resolving eureka endpoints via configuration
[2025-12-19 14:58:08] [INFO] [] [traceId=] [spanId=] [reqId=] [user=] [c.n.d.s.r.aws.ConfigClusterResolver:?] - Resolving eureka endpoints via configuration
[2025-12-19 15:03:08] [INFO] [] [traceId=] [spanId=] [reqId=] [user=] [c.n.d.s.r.aws.ConfigClusterResolver:?] - Resolving eureka endpoints via configuration
[2025-12-19 15:08:08] [INFO] [] [traceId=] [spanId=] [reqId=] [user=] [c.n.d.s.r.aws.ConfigClusterResolver:?] - Resolving eureka endpoints via configuration
[2025-12-19 15:13:08] [INFO] [] [traceId=] [spanId=] [reqId=] [user=] [c.n.d.s.r.aws.ConfigClusterResolver:?] - Resolving eureka endpoints via configuration
[2025-12-19 15:18:08] [INFO] [] [traceId=] [spanId=] [reqId=] [user=] [c.n.d.s.r.aws.ConfigClusterResolver:?] - Resolving eureka endpoints via configuration
[2025-12-19 15:23:08] [INFO] [] [traceId=] [spanId=] [reqId=] [user=] [c.n.d.s.r.aws.ConfigClusterResolver:?] - Resolving eureka endpoints via configuration
[2025-12-19 15:28:08] [INFO] [] [traceId=] [spanId=] [reqId=] [user=] [c.n.d.s.r.aws.ConfigClusterResolver:?] - Resolving eureka endpoints via configuration
[2025-12-19 15:28:18] [INFO] [] [traceId=] [spanId=] [reqId=] [user=] [o.s.c.n.e.s.EurekaServiceRegistry:?] - Unregistering application PAYMENTSERVICE with eureka with status DOWN
[2025-12-19 15:28:18] [INFO] [] [traceId=] [spanId=] [reqId=] [user=] [c.netflix.discovery.DiscoveryClient:?] - Saw local status change event StatusChangeEvent [timestamp=1766138298119, current=DOWN, previous=UP]
[2025-12-19 15:28:18] [INFO] [] [traceId=] [spanId=] [reqId=] [user=] [c.netflix.discovery.DiscoveryClient:?] - DiscoveryClient_PAYMENTSERVICE/192.168.1.7:paymentservice:8085: registering service...
[2025-12-19 15:28:18] [INFO] [] [traceId=] [spanId=] [reqId=] [user=] [c.netflix.discovery.DiscoveryClient:?] - DiscoveryClient_PAYMENTSERVICE/192.168.1.7:paymentservice:8085 - registration status: 204
[2025-12-19 15:28:18] [INFO] [] [traceId=] [spanId=] [reqId=] [user=] [o.s.o.j.LocalContainerEntityManagerFactoryBean:?] - Closing JPA EntityManagerFactory for persistence unit 'default'
[2025-12-19 15:28:19] [INFO] [] [traceId=] [spanId=] [reqId=] [user=] [com.zaxxer.hikari.HikariDataSource:?] - HikariPool-1 - Shutdown initiated...
[2025-12-19 15:29:43] [INFO] [] [traceId=] [spanId=] [reqId=] [user=] [o.h.validator.internal.util.Version:?] - HV000001: Hibernate Validator 8.0.1.Final
[2025-12-19 15:29:43] [INFO] [Payment] [traceId=] [spanId=] [reqId=] [user=] [c.e.p.PaymentApplication:?] - Starting PaymentApplication using Java 17.0.16 with PID 28008 (D:\workspace\services\ecommerce\ecommerce-backend\paymentservice\target\classes started by ADMIN in D:\workspace\services\ecommerce\ecommerce-backend\paymentservice)
[2025-12-19 15:29:43] [INFO] [Payment] [traceId=] [spanId=] [reqId=] [user=] [c.e.p.PaymentApplication:?] - No active profile set, falling back to 1 default profile: "default"
[2025-12-19 15:29:45] [INFO] [Payment] [traceId=] [spanId=] [reqId=] [user=] [o.s.d.r.c.RepositoryConfigurationDelegate:?] - Bootstrapping Spring Data JPA repositories in DEFAULT mode.
[2025-12-19 15:29:46] [INFO] [Payment] [traceId=] [spanId=] [reqId=] [user=] [o.s.d.r.c.RepositoryConfigurationDelegate:?] - Finished Spring Data repository scanning in 309 ms. Found 1 JPA repository interface.
[2025-12-19 15:29:46] [INFO] [Payment] [traceId=] [spanId=] [reqId=] [user=] [o.s.cloud.context.scope.GenericScope:?] - BeanFactory id=1eb1bcf4-856a-371f-b96c-3b38f9a07065
[2025-12-19 15:29:46] [WARN] [Payment] [traceId=] [spanId=] [reqId=] [user=] [o.s.c.s.PostProcessorRegistrationDelegate$BeanPostProcessorChecker:?] - Bean 'org.springframework.cloud.client.loadbalancer.LoadBalancerAutoConfiguration$DeferringLoadBalancerInterceptorConfig' of type [org.springframework.cloud.client.loadbalancer.LoadBalancerAutoConfiguration$DeferringLoadBalancerInterceptorConfig] is not eligible for getting processed by all BeanPostProcessors (for example: not eligible for auto-proxying). The currently created BeanPostProcessor [lbRestClientPostProcessor] is declared through a non-static factory method on that class; consider declaring it as static instead.
[2025-12-19 15:29:46] [WARN] [Payment] [traceId=] [spanId=] [reqId=] [user=] [o.s.c.s.PostProcessorRegistrationDelegate$BeanPostProcessorChecker:?] - Bean 'deferringLoadBalancerInterceptor' of type [org.springframework.cloud.client.loadbalancer.DeferringLoadBalancerInterceptor] is not eligible for getting processed by all BeanPostProcessors (for example: not eligible for auto-proxying). Is this bean getting eagerly injected into a currently created BeanPostProcessor [lbRestClientPostProcessor]? Check the corresponding BeanPostProcessor declaration and its dependencies.
[2025-12-19 15:29:47] [INFO] [Payment] [traceId=] [spanId=] [reqId=] [user=] [o.s.b.w.e.tomcat.TomcatWebServer:?] - Tomcat initialized with port 8085 (http)
[2025-12-19 15:29:47] [INFO] [Payment] [traceId=] [spanId=] [reqId=] [user=] [o.a.coyote.http11.Http11NioProtocol:?] - Initializing ProtocolHandler ["http-nio-8085"]
[2025-12-19 15:29:47] [INFO] [Payment] [traceId=] [spanId=] [reqId=] [user=] [o.a.catalina.core.StandardService:?] - Starting service [Tomcat]
[2025-12-19 15:29:47] [INFO] [Payment] [traceId=] [spanId=] [reqId=] [user=] [o.a.catalina.core.StandardEngine:?] - Starting Servlet engine: [Apache Tomcat/10.1.30]
[2025-12-19 15:29:47] [INFO] [Payment] [traceId=] [spanId=] [reqId=] [user=] [o.a.c.c.C.[Tomcat].[localhost].[/]:?] - Initializing Spring embedded WebApplicationContext
[2025-12-19 15:29:47] [INFO] [Payment] [traceId=] [spanId=] [reqId=] [user=] [o.s.b.w.s.c.ServletWebServerApplicationContext:?] - Root WebApplicationContext: initialization completed in 3785 ms
[2025-12-19 15:29:48] [INFO] [Payment] [traceId=] [spanId=] [reqId=] [user=] [o.h.jpa.internal.util.LogHelper:?] - HHH000204: Processing PersistenceUnitInfo [name: default]
[2025-12-19 15:29:48] [INFO] [Payment] [traceId=] [spanId=] [reqId=] [user=] [org.hibernate.Version:?] - HHH000412: Hibernate ORM core version 6.5.3.Final
[2025-12-19 15:29:48] [INFO] [Payment] [traceId=] [spanId=] [reqId=] [user=] [o.h.c.i.RegionFactoryInitiator:?] - HHH000026: Second-level cache disabled
[2025-12-19 15:29:48] [INFO] [Payment] [traceId=] [spanId=] [reqId=] [user=] [o.s.o.j.p.SpringPersistenceUnitInfo:?] - No LoadTimeWeaver setup: ignoring JPA class transformer
[2025-12-19 15:29:48] [INFO] [Payment] [traceId=] [spanId=] [reqId=] [user=] [com.zaxxer.hikari.HikariDataSource:?] - HikariPool-1 - Starting...
[2025-12-19 15:29:48] [INFO] [Payment] [traceId=] [spanId=] [reqId=] [user=] [com.zaxxer.hikari.pool.HikariPool:?] - HikariPool-1 - Added connection conn0: url=jdbc:h2:file:D:/workspace/services/ecommerce/ecommerce-backend/main user=SA
[2025-12-19 15:29:48] [INFO] [Payment] [traceId=] [spanId=] [reqId=] [user=] [com.zaxxer.hikari.HikariDataSource:?] - HikariPool-1 - Start completed.
[2025-12-19 15:29:50] [INFO] [Payment] [traceId=] [spanId=] [reqId=] [user=] [o.h.e.t.j.p.i.JtaPlatformInitiator:?] - HHH000489: No JTA platform available (set 'hibernate.transaction.jta.platform' to enable JTA platform integration)
[2025-12-19 15:29:50] [INFO] [Payment] [traceId=] [spanId=] [reqId=] [user=] [o.s.o.j.LocalContainerEntityManagerFactoryBean:?] - Initialized JPA EntityManagerFactory for persistence unit 'default'
[2025-12-19 15:29:50] [WARN] [Payment] [traceId=] [spanId=] [reqId=] [user=] [o.s.b.a.o.j.JpaBaseConfiguration$JpaWebConfiguration:?] - spring.jpa.open-in-view is enabled by default. Therefore, database queries may be performed during view rendering. Explicitly configure spring.jpa.open-in-view to disable this warning
[2025-12-19 15:29:51] [WARN] [Payment] [traceId=] [spanId=] [reqId=] [user=] [o.s.b.a.s.s.UserDetailsServiceAutoConfiguration:?] - 

Using generated security password: 6c7431f3-5d7d-4990-b232-a91f35530ce3

This generated password is for development use only. Your security configuration must be updated before running your application in production.

[2025-12-19 15:29:51] [INFO] [Payment] [traceId=] [spanId=] [reqId=] [user=] [o.s.s.c.a.a.c.InitializeUserDetailsBeanManagerConfigurer$InitializeUserDetailsManagerConfigurer:?] - Global AuthenticationManager configured with UserDetailsService bean with name inMemoryUserDetailsManager
[2025-12-19 15:29:52] [INFO] [Payment] [traceId=] [spanId=] [reqId=] [user=] [o.s.c.n.e.c.DiscoveryClientOptionalArgsConfiguration:?] - Eureka HTTP Client uses RestTemplate.
[2025-12-19 15:29:52] [WARN] [Payment] [traceId=] [spanId=] [reqId=] [user=] [o.s.c.l.c.LoadBalancerCacheAutoConfiguration$LoadBalancerCaffeineWarnLogger:?] - Spring Cloud LoadBalancer is currently working with the default cache. While this cache implementation is useful for development and tests, it's recommended to use Caffeine cache in production.You can switch to using Caffeine cache, by adding it and org.springframework.cache.caffeine.CaffeineCacheManager to the classpath.
[2025-12-19 15:29:52] [INFO] [Payment] [traceId=] [spanId=] [reqId=] [user=] [o.s.c.n.eureka.InstanceInfoFactory:?] - Setting initial instance status as: STARTING
[2025-12-19 15:29:52] [INFO] [Payment] [traceId=] [spanId=] [reqId=] [user=] [c.netflix.discovery.DiscoveryClient:?] - Initializing Eureka in region us-east-1
[2025-12-19 15:29:52] [INFO] [Payment] [traceId=] [spanId=] [reqId=] [user=] [c.n.d.s.r.aws.ConfigClusterResolver:?] - Resolving eureka endpoints via configuration
[2025-12-19 15:29:52] [INFO] [Payment] [traceId=] [spanId=] [reqId=] [user=] [c.netflix.discovery.DiscoveryClient:?] - Disable delta property : false
[2025-12-19 15:29:52] [INFO] [Payment] [traceId=] [spanId=] [reqId=] [user=] [c.netflix.discovery.DiscoveryClient:?] - Single vip registry refresh property : null
[2025-12-19 15:29:52] [INFO] [Payment] [traceId=] [spanId=] [reqId=] [user=] [c.netflix.discovery.DiscoveryClient:?] - Force full registry fetch : false
[2025-12-19 15:29:52] [INFO] [Payment] [traceId=] [spanId=] [reqId=] [user=] [c.netflix.discovery.DiscoveryClient:?] - Application is null : false
[2025-12-19 15:29:52] [INFO] [Payment] [traceId=] [spanId=] [reqId=] [user=] [c.netflix.discovery.DiscoveryClient:?] - Registered Applications size is zero : true
[2025-12-19 15:29:52] [INFO] [Payment] [traceId=] [spanId=] [reqId=] [user=] [c.netflix.discovery.DiscoveryClient:?] - Application version is -1: true
[2025-12-19 15:29:52] [INFO] [Payment] [traceId=] [spanId=] [reqId=] [user=] [c.netflix.discovery.DiscoveryClient:?] - Getting all instance registry info from the eureka server
[2025-12-19 15:29:53] [INFO] [Payment] [traceId=] [spanId=] [reqId=] [user=] [c.netflix.discovery.DiscoveryClient:?] - The response status is 200
[2025-12-19 15:29:53] [INFO] [Payment] [traceId=] [spanId=] [reqId=] [user=] [c.netflix.discovery.DiscoveryClient:?] - Starting heartbeat executor: renew interval is: 30
[2025-12-19 15:29:53] [INFO] [Payment] [traceId=] [spanId=] [reqId=] [user=] [c.n.discovery.InstanceInfoReplicator:?] - InstanceInfoReplicator onDemand update allowed rate per min is 4
[2025-12-19 15:29:53] [INFO] [Payment] [traceId=] [spanId=] [reqId=] [user=] [c.netflix.discovery.DiscoveryClient:?] - Discovery Client initialized at timestamp 1766138393332 with initial instances count: 6
[2025-12-19 15:29:53] [INFO] [Payment] [traceId=] [spanId=] [reqId=] [user=] [o.s.c.n.e.s.EurekaServiceRegistry:?] - Registering application PAYMENTSERVICE with eureka with status UP
[2025-12-19 15:29:53] [INFO] [Payment] [traceId=] [spanId=] [reqId=] [user=] [c.netflix.discovery.DiscoveryClient:?] - Saw local status change event StatusChangeEvent [timestamp=1766138393340, current=UP, previous=STARTING]
[2025-12-19 15:29:53] [INFO] [Payment] [traceId=] [spanId=] [reqId=] [user=] [o.a.coyote.http11.Http11NioProtocol:173] - Starting ProtocolHandler ["http-nio-8085"]
[2025-12-19 15:29:53] [INFO] [] [traceId=] [spanId=] [reqId=] [user=] [c.netflix.discovery.DiscoveryClient:?] - DiscoveryClient_PAYMENTSERVICE/192.168.1.7:paymentservice:8085: registering service...
[2025-12-19 15:29:53] [INFO] [Payment] [traceId=] [spanId=] [reqId=] [user=] [o.s.b.w.e.tomcat.TomcatWebServer:?] - Tomcat started on port 8085 (http) with context path '/'
[2025-12-19 15:29:53] [INFO] [Payment] [traceId=] [spanId=] [reqId=] [user=] [o.s.c.n.e.s.EurekaAutoServiceRegistration:?] - Updating port to 8085
[2025-12-19 15:29:53] [INFO] [] [traceId=] [spanId=] [reqId=] [user=] [c.netflix.discovery.DiscoveryClient:?] - DiscoveryClient_PAYMENTSERVICE/192.168.1.7:paymentservice:8085 - registration status: 204
[2025-12-19 15:29:53] [INFO] [Payment] [traceId=] [spanId=] [reqId=] [user=] [c.e.p.PaymentApplication:?] - Started PaymentApplication in 11.14 seconds (process running for 12.195)
[2025-12-19 15:34:52] [INFO] [] [traceId=] [spanId=] [reqId=] [user=] [c.n.d.s.r.aws.ConfigClusterResolver:?] - Resolving eureka endpoints via configuration
[2025-12-19 15:39:52] [INFO] [] [traceId=] [spanId=] [reqId=] [user=] [c.n.d.s.r.aws.ConfigClusterResolver:?] - Resolving eureka endpoints via configuration
[2025-12-19 15:44:52] [INFO] [] [traceId=] [spanId=] [reqId=] [user=] [c.n.d.s.r.aws.ConfigClusterResolver:?] - Resolving eureka endpoints via configuration
[2025-12-19 15:49:52] [INFO] [] [traceId=] [spanId=] [reqId=] [user=] [c.n.d.s.r.aws.ConfigClusterResolver:?] - Resolving eureka endpoints via configuration
[2025-12-19 15:54:52] [INFO] [] [traceId=] [spanId=] [reqId=] [user=] [c.n.d.s.r.aws.ConfigClusterResolver:?] - Resolving eureka endpoints via configuration
[2025-12-19 15:59:53] [INFO] [] [traceId=] [spanId=] [reqId=] [user=] [c.n.d.s.r.aws.ConfigClusterResolver:?] - Resolving eureka endpoints via configuration
[2025-12-19 16:04:53] [INFO] [] [traceId=] [spanId=] [reqId=] [user=] [c.n.d.s.r.aws.ConfigClusterResolver:?] - Resolving eureka endpoints via configuration
[2025-12-19 16:09:53] [INFO] [] [traceId=] [spanId=] [reqId=] [user=] [c.n.d.s.r.aws.ConfigClusterResolver:?] - Resolving eureka endpoints via configuration
[2025-12-19 16:14:53] [INFO] [] [traceId=] [spanId=] [reqId=] [user=] [c.n.d.s.r.aws.ConfigClusterResolver:?] - Resolving eureka endpoints via configuration
[2025-12-19 16:19:53] [INFO] [] [traceId=] [spanId=] [reqId=] [user=] [c.n.d.s.r.aws.ConfigClusterResolver:?] - Resolving eureka endpoints via configuration
[2025-12-19 16:24:53] [INFO] [] [traceId=] [spanId=] [reqId=] [user=] [c.n.d.s.r.aws.ConfigClusterResolver:?] - Resolving eureka endpoints via configuration
[2025-12-19 16:29:53] [INFO] [] [traceId=] [spanId=] [reqId=] [user=] [c.n.d.s.r.aws.ConfigClusterResolver:?] - Resolving eureka endpoints via configuration
[2025-12-19 16:34:53] [INFO] [] [traceId=] [spanId=] [reqId=] [user=] [c.n.d.s.r.aws.ConfigClusterResolver:?] - Resolving eureka endpoints via configuration
[2025-12-19 16:39:53] [INFO] [] [traceId=] [spanId=] [reqId=] [user=] [c.n.d.s.r.aws.ConfigClusterResolver:?] - Resolving eureka endpoints via configuration
[2025-12-19 16:44:53] [INFO] [] [traceId=] [spanId=] [reqId=] [user=] [c.n.d.s.r.aws.ConfigClusterResolver:43] - Resolving eureka endpoints via configuration
[2025-12-19 16:49:53] [INFO] [] [traceId=] [spanId=] [reqId=] [user=] [c.n.d.s.r.aws.ConfigClusterResolver:?] - Resolving eureka endpoints via configuration
[2025-12-19 16:54:53] [INFO] [] [traceId=] [spanId=] [reqId=] [user=] [c.n.d.s.r.aws.ConfigClusterResolver:?] - Resolving eureka endpoints via configuration
[2025-12-19 17:04:57] [WARN] [] [traceId=] [spanId=] [reqId=] [user=] [com.zaxxer.hikari.pool.HikariPool:?] - HikariPool-1 - Thread starvation or clock leap detected (housekeeper delta=6m37s29ms321µs200ns).
[2025-12-19 17:06:20] [INFO] [] [traceId=] [spanId=] [reqId=] [user=] [c.n.d.s.r.aws.ConfigClusterResolver:?] - Resolving eureka endpoints via configuration
[2025-12-19 17:11:20] [INFO] [] [traceId=] [spanId=] [reqId=] [user=] [c.n.d.s.r.aws.ConfigClusterResolver:?] - Resolving eureka endpoints via configuration
[2025-12-19 17:16:20] [INFO] [] [traceId=] [spanId=] [reqId=] [user=] [c.n.d.s.r.aws.ConfigClusterResolver:?] - Resolving eureka endpoints via configuration
[2025-12-19 17:21:20] [INFO] [] [traceId=] [spanId=] [reqId=] [user=] [c.n.d.s.r.aws.ConfigClusterResolver:?] - Resolving eureka endpoints via configuration
[2025-12-19 17:26:20] [INFO] [] [traceId=] [spanId=] [reqId=] [user=] [c.n.d.s.r.aws.ConfigClusterResolver:?] - Resolving eureka endpoints via configuration
[2025-12-19 17:31:20] [INFO] [] [traceId=] [spanId=] [reqId=] [user=] [c.n.d.s.r.aws.ConfigClusterResolver:43] - Resolving eureka endpoints via configuration
[2025-12-19 17:36:20] [INFO] [] [traceId=] [spanId=] [reqId=] [user=] [c.n.d.s.r.aws.ConfigClusterResolver:?] - Resolving eureka endpoints via configuration
[2025-12-19 17:41:20] [INFO] [] [traceId=] [spanId=] [reqId=] [user=] [c.n.d.s.r.aws.ConfigClusterResolver:43] - Resolving eureka endpoints via configuration
[2025-12-19 17:46:20] [INFO] [] [traceId=] [spanId=] [reqId=] [user=] [c.n.d.s.r.aws.ConfigClusterResolver:?] - Resolving eureka endpoints via configuration
[2025-12-19 17:48:02] [INFO] [] [traceId=] [spanId=] [reqId=] [user=] [c.n.d.s.t.d.RedirectingEurekaHttpClient:?] - Request execution error. endpoint=DefaultEndpoint{ serviceUrl='http://localhost:8761/eureka/} exception=I/O error on PUT request for "http://localhost:8761/eureka/apps/PAYMENTSERVICE/192.168.1.7:paymentservice:8085": Connect to http://localhost:8761 [localhost/127.0.0.1, localhost/0:0:0:0:0:0:0:1] failed: Connection refused: getsockopt stacktrace=org.springframework.web.client.ResourceAccessException: I/O error on PUT request for "http://localhost:8761/eureka/apps/PAYMENTSERVICE/192.168.1.7:paymentservice:8085": Connect to http://localhost:8761 [localhost/127.0.0.1, localhost/0:0:0:0:0:0:0:1] failed: Connection refused: getsockopt
	at org.springframework.web.client.RestTemplate.createResourceAccessException(RestTemplate.java:915)
	at org.springframework.web.client.RestTemplate.doExecute(RestTemplate.java:895)
	at org.springframework.web.client.RestTemplate.execute(RestTemplate.java:790)
	at org.springframework.web.client.RestTemplate.exchange(RestTemplate.java:672)
	at org.springframework.cloud.netflix.eureka.http.RestTemplateEurekaHttpClient.sendHeartBeat(RestTemplateEurekaHttpClient.java:99)
	at com.netflix.discovery.shared.transport.decorator.EurekaHttpClientDecorator$3.execute(EurekaHttpClientDecorator.java:92)
	at com.netflix.discovery.shared.transport.decorator.RedirectingEurekaHttpClient.execute(RedirectingEurekaHttpClient.java:91)
	at com.netflix.discovery.shared.transport.decorator.EurekaHttpClientDecorator.sendHeartBeat(EurekaHttpClientDecorator.java:89)
	at com.netflix.discovery.shared.transport.decorator.EurekaHttpClientDecorator$3.execute(EurekaHttpClientDecorator.java:92)
	at com.netflix.discovery.shared.transport.decorator.RetryableEurekaHttpClient.execute(RetryableEurekaHttpClient.java:120)
	at com.netflix.discovery.shared.transport.decorator.EurekaHttpClientDecorator.sendHeartBeat(EurekaHttpClientDecorator.java:89)
	at com.netflix.discovery.shared.transport.decorator.EurekaHttpClientDecorator$3.execute(EurekaHttpClientDecorator.java:92)
	at com.netflix.discovery.shared.transport.decorator.SessionedEurekaHttpClient.execute(SessionedEurekaHttpClient.java:76)
	at com.netflix.discovery.shared.transport.decorator.EurekaHttpClientDecorator.sendHeartBeat(EurekaHttpClientDecorator.java:89)
	at com.netflix.discovery.DiscoveryClient.renew(DiscoveryClient.java:845)
	at com.netflix.discovery.DiscoveryClient$HeartbeatThread.run(DiscoveryClient.java:1402)
	at java.base/java.util.concurrent.Executors$RunnableAdapter.call(Executors.java:539)
	at java.base/java.util.concurrent.FutureTask.run(FutureTask.java:264)
	at java.base/java.util.concurrent.ThreadPoolExecutor.runWorker(ThreadPoolExecutor.java:1136)
	at java.base/java.util.concurrent.ThreadPoolExecutor$Worker.run(ThreadPoolExecutor.java:635)
	at java.base/java.lang.Thread.run(Thread.java:840)
Caused by: org.apache.hc.client5.http.HttpHostConnectException: Connect to http://localhost:8761 [localhost/127.0.0.1, localhost/0:0:0:0:0:0:0:1] failed: Connection refused: getsockopt
	at java.base/sun.nio.ch.Net.pollConnect(Native Method)
	at java.base/sun.nio.ch.Net.pollConnectNow(Net.java:672)
	at java.base/sun.nio.ch.NioSocketImpl.timedFinishConnect(NioSocketImpl.java:547)
	at java.base/sun.nio.ch.NioSocketImpl.connect(NioSocketImpl.java:602)
	at java.base/java.net.SocksSocketImpl.connect(SocksSocketImpl.java:327)
	at java.base/java.net.Socket.connect(Socket.java:633)
	at org.apache.hc.client5.http.socket.PlainConnectionSocketFactory.lambda$connectSocket$0(PlainConnectionSocketFactory.java:91)
	at java.base/java.security.AccessController.doPrivileged(AccessController.java:569)
	at org.apache.hc.client5.http.socket.PlainConnectionSocketFactory.connectSocket(PlainConnectionSocketFactory.java:90)
	at org.apache.hc.client5.http.socket.ConnectionSocketFactory.connectSocket(ConnectionSocketFactory.java:123)
	at org.apache.hc.client5.http.impl.io.DefaultHttpClientConnectionOperator.connect(DefaultHttpClientConnectionOperator.java:189)
	at org.apache.hc.client5.http.impl.io.PoolingHttpClientConnectionManager.connect(PoolingHttpClientConnectionManager.java:450)
	at org.apache.hc.client5.http.impl.classic.InternalExecRuntime.connectEndpoint(InternalExecRuntime.java:162)
	at org.apache.hc.client5.http.impl.classic.InternalExecRuntime.connectEndpoint(InternalExecRuntime.java:172)
	at org.apache.hc.client5.http.impl.classic.ConnectExec.execute(ConnectExec.java:142)
	at org.apache.hc.client5.http.impl.classic.ExecChainElement.execute(ExecChainElement.java:51)
	at org.apache.hc.client5.http.impl.classic.ProtocolExec.execute(ProtocolExec.java:192)
	at org.apache.hc.client5.http.impl.classic.ExecChainElement.execute(ExecChainElement.java:51)
	at org.apache.hc.client5.http.impl.classic.HttpRequestRetryExec.execute(HttpRequestRetryExec.java:113)
	at org.apache.hc.client5.http.impl.classic.ExecChainElement.execute(ExecChainElement.java:51)
	at org.apache.hc.client5.http.impl.classic.ContentCompressionExec.execute(ContentCompressionExec.java:152)
	at org.apache.hc.client5.http.impl.classic.ExecChainElement.execute(ExecChainElement.java:51)
	at org.apache.hc.client5.http.impl.classic.RedirectExec.execute(RedirectExec.java:116)
	at org.apache.hc.client5.http.impl.classic.ExecChainElement.execute(ExecChainElement.java:51)
	at org.apache.hc.client5.http.impl.classic.InternalHttpClient.doExecute(InternalHttpClient.java:170)
	at org.apache.hc.client5.http.impl.classic.CloseableHttpClient.execute(CloseableHttpClient.java:87)
	at org.apache.hc.client5.http.impl.classic.CloseableHttpClient.execute(CloseableHttpClient.java:55)
	at org.apache.hc.client5.http.classic.HttpClient.executeOpen(HttpClient.java:183)
	at org.springframework.http.client.HttpComponentsClientHttpRequest.executeInternal(HttpComponentsClientHttpRequest.java:99)
	at org.springframework.http.client.AbstractStreamingClientHttpRequest.executeInternal(AbstractStreamingClientHttpRequest.java:70)
	at org.springframework.http.client.AbstractClientHttpRequest.execute(AbstractClientHttpRequest.java:66)
	at org.springframework.http.client.InterceptingClientHttpRequest$InterceptingRequestExecution.execute(InterceptingClientHttpRequest.java:112)
	at org.springframework.cloud.netflix.eureka.http.RestTemplateTransportClientFactory.lambda$restTemplate$3(RestTemplateTransportClientFactory.java:170)
	at org.springframework.http.client.InterceptingClientHttpRequest$InterceptingRequestExecution.execute(InterceptingClientHttpRequest.java:88)
	at org.springframework.http.client.InterceptingClientHttpRequest.executeInternal(InterceptingClientHttpRequest.java:72)
	at org.springframework.http.client.AbstractBufferingClientHttpRequest.executeInternal(AbstractBufferingClientHttpRequest.java:48)
	at org.springframework.http.client.AbstractClientHttpRequest.execute(AbstractClientHttpRequest.java:66)
	at org.springframework.web.client.RestTemplate.doExecute(RestTemplate.java:889)
	... 19 more

[2025-12-19 17:48:02] [INFO] [] [traceId=] [spanId=] [reqId=] [user=] [c.n.d.s.t.d.RedirectingEurekaHttpClient:?] - Request execution error. endpoint=DefaultEndpoint{ serviceUrl='http://localhost:8761/eureka/} exception=I/O error on GET request for "http://localhost:8761/eureka/apps/delta": Connect to http://localhost:8761 [localhost/127.0.0.1, localhost/0:0:0:0:0:0:0:1] failed: Connection refused: getsockopt stacktrace=org.springframework.web.client.ResourceAccessException: I/O error on GET request for "http://localhost:8761/eureka/apps/delta": Connect to http://localhost:8761 [localhost/127.0.0.1, localhost/0:0:0:0:0:0:0:1] failed: Connection refused: getsockopt
	at org.springframework.web.client.RestTemplate.createResourceAccessException(RestTemplate.java:915)
	at org.springframework.web.client.RestTemplate.doExecute(RestTemplate.java:895)
	at org.springframework.web.client.RestTemplate.execute(RestTemplate.java:790)
	at org.springframework.web.client.RestTemplate.exchange(RestTemplate.java:672)
	at org.springframework.cloud.netflix.eureka.http.RestTemplateEurekaHttpClient.getApplicationsInternal(RestTemplateEurekaHttpClient.java:145)
	at org.springframework.cloud.netflix.eureka.http.RestTemplateEurekaHttpClient.getDelta(RestTemplateEurekaHttpClient.java:155)
	at com.netflix.discovery.shared.transport.decorator.EurekaHttpClientDecorator$7.execute(EurekaHttpClientDecorator.java:152)
	at com.netflix.discovery.shared.transport.decorator.RedirectingEurekaHttpClient.execute(RedirectingEurekaHttpClient.java:91)
	at com.netflix.discovery.shared.transport.decorator.EurekaHttpClientDecorator.getDelta(EurekaHttpClientDecorator.java:149)
	at com.netflix.discovery.shared.transport.decorator.EurekaHttpClientDecorator$7.execute(EurekaHttpClientDecorator.java:152)
	at com.netflix.discovery.shared.transport.decorator.RetryableEurekaHttpClient.execute(RetryableEurekaHttpClient.java:120)
	at com.netflix.discovery.shared.transport.decorator.EurekaHttpClientDecorator.getDelta(EurekaHttpClientDecorator.java:149)
	at com.netflix.discovery.shared.transport.decorator.EurekaHttpClientDecorator$7.execute(EurekaHttpClientDecorator.java:152)
	at com.netflix.discovery.shared.transport.decorator.SessionedEurekaHttpClient.execute(SessionedEurekaHttpClient.java:76)
	at com.netflix.discovery.shared.transport.decorator.EurekaHttpClientDecorator.getDelta(EurekaHttpClientDecorator.java:149)
	at com.netflix.discovery.DiscoveryClient.getAndUpdateDelta(DiscoveryClient.java:1080)
	at com.netflix.discovery.DiscoveryClient.fetchRegistry(DiscoveryClient.java:963)
	at com.netflix.discovery.DiscoveryClient.refreshRegistry(DiscoveryClient.java:1473)
	at com.netflix.discovery.DiscoveryClient$CacheRefreshThread.run(DiscoveryClient.java:1441)
	at java.base/java.util.concurrent.Executors$RunnableAdapter.call(Executors.java:539)
	at java.base/java.util.concurrent.FutureTask.run(FutureTask.java:264)
	at java.base/java.util.concurrent.ThreadPoolExecutor.runWorker(ThreadPoolExecutor.java:1136)
	at java.base/java.util.concurrent.ThreadPoolExecutor$Worker.run(ThreadPoolExecutor.java:635)
	at java.base/java.lang.Thread.run(Thread.java:840)
Caused by: org.apache.hc.client5.http.HttpHostConnectException: Connect to http://localhost:8761 [localhost/127.0.0.1, localhost/0:0:0:0:0:0:0:1] failed: Connection refused: getsockopt
	at java.base/sun.nio.ch.Net.pollConnect(Native Method)
	at java.base/sun.nio.ch.Net.pollConnectNow(Net.java:672)
	at java.base/sun.nio.ch.NioSocketImpl.timedFinishConnect(NioSocketImpl.java:547)
	at java.base/sun.nio.ch.NioSocketImpl.connect(NioSocketImpl.java:602)
	at java.base/java.net.SocksSocketImpl.connect(SocksSocketImpl.java:327)
	at java.base/java.net.Socket.connect(Socket.java:633)
	at org.apache.hc.client5.http.socket.PlainConnectionSocketFactory.lambda$connectSocket$0(PlainConnectionSocketFactory.java:91)
	at java.base/java.security.AccessController.doPrivileged(AccessController.java:569)
	at org.apache.hc.client5.http.socket.PlainConnectionSocketFactory.connectSocket(PlainConnectionSocketFactory.java:90)
	at org.apache.hc.client5.http.socket.ConnectionSocketFactory.connectSocket(ConnectionSocketFactory.java:123)
	at org.apache.hc.client5.http.impl.io.DefaultHttpClientConnectionOperator.connect(DefaultHttpClientConnectionOperator.java:189)
	at org.apache.hc.client5.http.impl.io.PoolingHttpClientConnectionManager.connect(PoolingHttpClientConnectionManager.java:450)
	at org.apache.hc.client5.http.impl.classic.InternalExecRuntime.connectEndpoint(InternalExecRuntime.java:162)
	at org.apache.hc.client5.http.impl.classic.InternalExecRuntime.connectEndpoint(InternalExecRuntime.java:172)
	at org.apache.hc.client5.http.impl.classic.ConnectExec.execute(ConnectExec.java:142)
	at org.apache.hc.client5.http.impl.classic.ExecChainElement.execute(ExecChainElement.java:51)
	at org.apache.hc.client5.http.impl.classic.ProtocolExec.execute(ProtocolExec.java:192)
	at org.apache.hc.client5.http.impl.classic.ExecChainElement.execute(ExecChainElement.java:51)
	at org.apache.hc.client5.http.impl.classic.HttpRequestRetryExec.execute(HttpRequestRetryExec.java:113)
	at org.apache.hc.client5.http.impl.classic.ExecChainElement.execute(ExecChainElement.java:51)
	at org.apache.hc.client5.http.impl.classic.ContentCompressionExec.execute(ContentCompressionExec.java:152)
	at org.apache.hc.client5.http.impl.classic.ExecChainElement.execute(ExecChainElement.java:51)
	at org.apache.hc.client5.http.impl.classic.RedirectExec.execute(RedirectExec.java:116)
	at org.apache.hc.client5.http.impl.classic.ExecChainElement.execute(ExecChainElement.java:51)
	at org.apache.hc.client5.http.impl.classic.InternalHttpClient.doExecute(InternalHttpClient.java:170)
	at org.apache.hc.client5.http.impl.classic.CloseableHttpClient.execute(CloseableHttpClient.java:87)
	at org.apache.hc.client5.http.impl.classic.CloseableHttpClient.execute(CloseableHttpClient.java:55)
	at org.apache.hc.client5.http.classic.HttpClient.executeOpen(HttpClient.java:183)
	at org.springframework.http.client.HttpComponentsClientHttpRequest.executeInternal(HttpComponentsClientHttpRequest.java:99)
	at org.springframework.http.client.AbstractStreamingClientHttpRequest.executeInternal(AbstractStreamingClientHttpRequest.java:70)
	at org.springframework.http.client.AbstractClientHttpRequest.execute(AbstractClientHttpRequest.java:66)
	at org.springframework.http.client.InterceptingClientHttpRequest$InterceptingRequestExecution.execute(InterceptingClientHttpRequest.java:112)
	at org.springframework.cloud.netflix.eureka.http.RestTemplateTransportClientFactory.lambda$restTemplate$3(RestTemplateTransportClientFactory.java:170)
	at org.springframework.http.client.InterceptingClientHttpRequest$InterceptingRequestExecution.execute(InterceptingClientHttpRequest.java:88)
	at org.springframework.http.client.InterceptingClientHttpRequest.executeInternal(InterceptingClientHttpRequest.java:72)
	at org.springframework.http.client.AbstractBufferingClientHttpRequest.executeInternal(AbstractBufferingClientHttpRequest.java:48)
	at org.springframework.http.client.AbstractClientHttpRequest.execute(AbstractClientHttpRequest.java:66)
	at org.springframework.web.client.RestTemplate.doExecute(RestTemplate.java:889)
	... 22 more

[2025-12-19 17:48:02] [WARN] [] [traceId=] [spanId=] [reqId=] [user=] [c.n.d.s.t.d.RetryableEurekaHttpClient:?] - Request execution failed with message: I/O error on GET request for "http://localhost:8761/eureka/apps/delta": Connect to http://localhost:8761 [localhost/127.0.0.1, localhost/0:0:0:0:0:0:0:1] failed: Connection refused: getsockopt
[2025-12-19 17:48:02] [WARN] [] [traceId=] [spanId=] [reqId=] [user=] [c.n.d.s.t.d.RetryableEurekaHttpClient:130] - Request execution failed with message: I/O error on PUT request for "http://localhost:8761/eureka/apps/PAYMENTSERVICE/192.168.1.7:paymentservice:8085": Connect to http://localhost:8761 [localhost/127.0.0.1, localhost/0:0:0:0:0:0:0:1] failed: Connection refused: getsockopt
[2025-12-19 17:48:02] [INFO] [] [traceId=] [spanId=] [reqId=] [user=] [c.n.d.s.t.d.RedirectingEurekaHttpClient:?] - Request execution error. endpoint=DefaultEndpoint{ serviceUrl='http://localhost:8761/eureka/}, exception=I/O error on GET request for "http://localhost:8761/eureka/apps/delta": Connect to http://localhost:8761 [localhost/127.0.0.1, localhost/0:0:0:0:0:0:0:1] failed: Connection refused: getsockopt stacktrace=org.springframework.web.client.ResourceAccessException: I/O error on GET request for "http://localhost:8761/eureka/apps/delta": Connect to http://localhost:8761 [localhost/127.0.0.1, localhost/0:0:0:0:0:0:0:1] failed: Connection refused: getsockopt
	at org.springframework.web.client.RestTemplate.createResourceAccessException(RestTemplate.java:915)
	at org.springframework.web.client.RestTemplate.doExecute(RestTemplate.java:895)
	at org.springframework.web.client.RestTemplate.execute(RestTemplate.java:790)
	at org.springframework.web.client.RestTemplate.exchange(RestTemplate.java:672)
	at org.springframework.cloud.netflix.eureka.http.RestTemplateEurekaHttpClient.getApplicationsInternal(RestTemplateEurekaHttpClient.java:145)
	at org.springframework.cloud.netflix.eureka.http.RestTemplateEurekaHttpClient.getDelta(RestTemplateEurekaHttpClient.java:155)
	at com.netflix.discovery.shared.transport.decorator.EurekaHttpClientDecorator$7.execute(EurekaHttpClientDecorator.java:152)
	at com.netflix.discovery.shared.transport.decorator.RedirectingEurekaHttpClient.executeOnNewServer(RedirectingEurekaHttpClient.java:121)
	at com.netflix.discovery.shared.transport.decorator.RedirectingEurekaHttpClient.execute(RedirectingEurekaHttpClient.java:80)
	at com.netflix.discovery.shared.transport.decorator.EurekaHttpClientDecorator.getDelta(EurekaHttpClientDecorator.java:149)
	at com.netflix.discovery.shared.transport.decorator.EurekaHttpClientDecorator$7.execute(EurekaHttpClientDecorator.java:152)
	at com.netflix.discovery.shared.transport.decorator.RetryableEurekaHttpClient.execute(RetryableEurekaHttpClient.java:120)
	at com.netflix.discovery.shared.transport.decorator.EurekaHttpClientDecorator.getDelta(EurekaHttpClientDecorator.java:149)
	at com.netflix.discovery.shared.transport.decorator.EurekaHttpClientDecorator$7.execute(EurekaHttpClientDecorator.java:152)
	at com.netflix.discovery.shared.transport.decorator.SessionedEurekaHttpClient.execute(SessionedEurekaHttpClient.java:76)
	at com.netflix.discovery.shared.transport.decorator.EurekaHttpClientDecorator.getDelta(EurekaHttpClientDecorator.java:149)
	at com.netflix.discovery.DiscoveryClient.getAndUpdateDelta(DiscoveryClient.java:1080)
	at com.netflix.discovery.DiscoveryClient.fetchRegistry(DiscoveryClient.java:963)
	at com.netflix.discovery.DiscoveryClient.refreshRegistry(DiscoveryClient.java:1473)
	at com.netflix.discovery.DiscoveryClient$CacheRefreshThread.run(DiscoveryClient.java:1441)
	at java.base/java.util.concurrent.Executors$RunnableAdapter.call(Executors.java:539)
	at java.base/java.util.concurrent.FutureTask.run(FutureTask.java:264)
	at java.base/java.util.concurrent.ThreadPoolExecutor.runWorker(ThreadPoolExecutor.java:1136)
	at java.base/java.util.concurrent.ThreadPoolExecutor$Worker.run(ThreadPoolExecutor.java:635)
	at java.base/java.lang.Thread.run(Thread.java:840)
Caused by: org.apache.hc.client5.http.HttpHostConnectException: Connect to http://localhost:8761 [localhost/127.0.0.1, localhost/0:0:0:0:0:0:0:1] failed: Connection refused: getsockopt
	at java.base/sun.nio.ch.Net.pollConnect(Native Method)
	at java.base/sun.nio.ch.Net.pollConnectNow(Net.java:672)
	at java.base/sun.nio.ch.NioSocketImpl.timedFinishConnect(NioSocketImpl.java:547)
	at java.base/sun.nio.ch.NioSocketImpl.connect(NioSocketImpl.java:602)
	at java.base/java.net.SocksSocketImpl.connect(SocksSocketImpl.java:327)
	at java.base/java.net.Socket.connect(Socket.java:633)
	at org.apache.hc.client5.http.socket.PlainConnectionSocketFactory.lambda$connectSocket$0(PlainConnectionSocketFactory.java:91)
	at java.base/java.security.AccessController.doPrivileged(AccessController.java:569)
	at org.apache.hc.client5.http.socket.PlainConnectionSocketFactory.connectSocket(PlainConnectionSocketFactory.java:90)
	at org.apache.hc.client5.http.socket.ConnectionSocketFactory.connectSocket(ConnectionSocketFactory.java:123)
	at org.apache.hc.client5.http.impl.io.DefaultHttpClientConnectionOperator.connect(DefaultHttpClientConnectionOperator.java:189)
	at org.apache.hc.client5.http.impl.io.PoolingHttpClientConnectionManager.connect(PoolingHttpClientConnectionManager.java:450)
	at org.apache.hc.client5.http.impl.classic.InternalExecRuntime.connectEndpoint(InternalExecRuntime.java:162)
	at org.apache.hc.client5.http.impl.classic.InternalExecRuntime.connectEndpoint(InternalExecRuntime.java:172)
	at org.apache.hc.client5.http.impl.classic.ConnectExec.execute(ConnectExec.java:142)
	at org.apache.hc.client5.http.impl.classic.ExecChainElement.execute(ExecChainElement.java:51)
	at org.apache.hc.client5.http.impl.classic.ProtocolExec.execute(ProtocolExec.java:192)
	at org.apache.hc.client5.http.impl.classic.ExecChainElement.execute(ExecChainElement.java:51)
	at org.apache.hc.client5.http.impl.classic.HttpRequestRetryExec.execute(HttpRequestRetryExec.java:113)
	at org.apache.hc.client5.http.impl.classic.ExecChainElement.execute(ExecChainElement.java:51)
	at org.apache.hc.client5.http.impl.classic.ContentCompressionExec.execute(ContentCompressionExec.java:152)
	at org.apache.hc.client5.http.impl.classic.ExecChainElement.execute(ExecChainElement.java:51)
	at org.apache.hc.client5.http.impl.classic.RedirectExec.execute(RedirectExec.java:116)
	at org.apache.hc.client5.http.impl.classic.ExecChainElement.execute(ExecChainElement.java:51)
	at org.apache.hc.client5.http.impl.classic.InternalHttpClient.doExecute(InternalHttpClient.java:170)
	at org.apache.hc.client5.http.impl.classic.CloseableHttpClient.execute(CloseableHttpClient.java:87)
	at org.apache.hc.client5.http.impl.classic.CloseableHttpClient.execute(CloseableHttpClient.java:55)
	at org.apache.hc.client5.http.classic.HttpClient.executeOpen(HttpClient.java:183)
	at org.springframework.http.client.HttpComponentsClientHttpRequest.executeInternal(HttpComponentsClientHttpRequest.java:99)
	at org.springframework.http.client.AbstractStreamingClientHttpRequest.executeInternal(AbstractStreamingClientHttpRequest.java:70)
	at org.springframework.http.client.AbstractClientHttpRequest.execute(AbstractClientHttpRequest.java:66)
	at org.springframework.http.client.InterceptingClientHttpRequest$InterceptingRequestExecution.execute(InterceptingClientHttpRequest.java:112)
	at org.springframework.cloud.netflix.eureka.http.RestTemplateTransportClientFactory.lambda$restTemplate$3(RestTemplateTransportClientFactory.java:170)
	at org.springframework.http.client.InterceptingClientHttpRequest$InterceptingRequestExecution.execute(InterceptingClientHttpRequest.java:88)
	at org.springframework.http.client.InterceptingClientHttpRequest.executeInternal(InterceptingClientHttpRequest.java:72)
	at org.springframework.http.client.AbstractBufferingClientHttpRequest.executeInternal(AbstractBufferingClientHttpRequest.java:48)
	at org.springframework.http.client.AbstractClientHttpRequest.execute(AbstractClientHttpRequest.java:66)
	at org.springframework.web.client.RestTemplate.doExecute(RestTemplate.java:889)
	... 23 more

[2025-12-19 17:48:02] [WARN] [] [traceId=] [spanId=] [reqId=] [user=] [c.n.d.s.t.d.RetryableEurekaHttpClient:130] - Request execution failed with message: I/O error on GET request for "http://localhost:8761/eureka/apps/delta": Connect to http://localhost:8761 [localhost/127.0.0.1, localhost/0:0:0:0:0:0:0:1] failed: Connection refused: getsockopt
[2025-12-19 17:48:02] [INFO] [] [traceId=] [spanId=] [reqId=] [user=] [c.netflix.discovery.DiscoveryClient:968] - DiscoveryClient_PAYMENTSERVICE/192.168.1.7:paymentservice:8085 - was unable to refresh its cache! This periodic background refresh will be retried in 30 seconds. status = Cannot execute request on any known server stacktrace = com.netflix.discovery.shared.transport.TransportException: Cannot execute request on any known server
	at com.netflix.discovery.shared.transport.decorator.RetryableEurekaHttpClient.execute(RetryableEurekaHttpClient.java:112)
	at com.netflix.discovery.shared.transport.decorator.EurekaHttpClientDecorator.getDelta(EurekaHttpClientDecorator.java:149)
	at com.netflix.discovery.shared.transport.decorator.EurekaHttpClientDecorator$7.execute(EurekaHttpClientDecorator.java:152)
	at com.netflix.discovery.shared.transport.decorator.SessionedEurekaHttpClient.execute(SessionedEurekaHttpClient.java:76)
	at com.netflix.discovery.shared.transport.decorator.EurekaHttpClientDecorator.getDelta(EurekaHttpClientDecorator.java:149)
	at com.netflix.discovery.DiscoveryClient.getAndUpdateDelta(DiscoveryClient.java:1080)
	at com.netflix.discovery.DiscoveryClient.fetchRegistry(DiscoveryClient.java:963)
	at com.netflix.discovery.DiscoveryClient.refreshRegistry(DiscoveryClient.java:1473)
	at com.netflix.discovery.DiscoveryClient$CacheRefreshThread.run(DiscoveryClient.java:1441)
	at java.base/java.util.concurrent.Executors$RunnableAdapter.call(Executors.java:539)
	at java.base/java.util.concurrent.FutureTask.run(FutureTask.java:264)
	at java.base/java.util.concurrent.ThreadPoolExecutor.runWorker(ThreadPoolExecutor.java:1136)
	at java.base/java.util.concurrent.ThreadPoolExecutor$Worker.run(ThreadPoolExecutor.java:635)
	at java.base/java.lang.Thread.run(Thread.java:840)

[2025-12-19 17:48:02] [INFO] [] [traceId=] [spanId=] [reqId=] [user=] [c.n.d.s.t.d.RedirectingEurekaHttpClient:84] - Request execution error. endpoint=DefaultEndpoint{ serviceUrl='http://localhost:8761/eureka/}, exception=I/O error on PUT request for "http://localhost:8761/eureka/apps/PAYMENTSERVICE/192.168.1.7:paymentservice:8085": Connect to http://localhost:8761 [localhost/127.0.0.1, localhost/0:0:0:0:0:0:0:1] failed: Connection refused: getsockopt stacktrace=org.springframework.web.client.ResourceAccessException: I/O error on PUT request for "http://localhost:8761/eureka/apps/PAYMENTSERVICE/192.168.1.7:paymentservice:8085": Connect to http://localhost:8761 [localhost/127.0.0.1, localhost/0:0:0:0:0:0:0:1] failed: Connection refused: getsockopt
	at org.springframework.web.client.RestTemplate.createResourceAccessException(RestTemplate.java:915)
	at org.springframework.web.client.RestTemplate.doExecute(RestTemplate.java:895)
	at org.springframework.web.client.RestTemplate.execute(RestTemplate.java:790)
	at org.springframework.web.client.RestTemplate.exchange(RestTemplate.java:672)
	at org.springframework.cloud.netflix.eureka.http.RestTemplateEurekaHttpClient.sendHeartBeat(RestTemplateEurekaHttpClient.java:99)
	at com.netflix.discovery.shared.transport.decorator.EurekaHttpClientDecorator$3.execute(EurekaHttpClientDecorator.java:92)
	at com.netflix.discovery.shared.transport.decorator.RedirectingEurekaHttpClient.executeOnNewServer(RedirectingEurekaHttpClient.java:121)
	at com.netflix.discovery.shared.transport.decorator.RedirectingEurekaHttpClient.execute(RedirectingEurekaHttpClient.java:80)
	at com.netflix.discovery.shared.transport.decorator.EurekaHttpClientDecorator.sendHeartBeat(EurekaHttpClientDecorator.java:89)
	at com.netflix.discovery.shared.transport.decorator.EurekaHttpClientDecorator$3.execute(EurekaHttpClientDecorator.java:92)
	at com.netflix.discovery.shared.transport.decorator.RetryableEurekaHttpClient.execute(RetryableEurekaHttpClient.java:120)
	at com.netflix.discovery.shared.transport.decorator.EurekaHttpClientDecorator.sendHeartBeat(EurekaHttpClientDecorator.java:89)
	at com.netflix.discovery.shared.transport.decorator.EurekaHttpClientDecorator$3.execute(EurekaHttpClientDecorator.java:92)
	at com.netflix.discovery.shared.transport.decorator.SessionedEurekaHttpClient.execute(SessionedEurekaHttpClient.java:76)
	at com.netflix.discovery.shared.transport.decorator.EurekaHttpClientDecorator.sendHeartBeat(EurekaHttpClientDecorator.java:89)
	at com.netflix.discovery.DiscoveryClient.renew(DiscoveryClient.java:845)
	at com.netflix.discovery.DiscoveryClient$HeartbeatThread.run(DiscoveryClient.java:1402)
	at java.base/java.util.concurrent.Executors$RunnableAdapter.call(Executors.java:539)
	at java.base/java.util.concurrent.FutureTask.run(FutureTask.java:264)
	at java.base/java.util.concurrent.ThreadPoolExecutor.runWorker(ThreadPoolExecutor.java:1136)
	at java.base/java.util.concurrent.ThreadPoolExecutor$Worker.run(ThreadPoolExecutor.java:635)
	at java.base/java.lang.Thread.run(Thread.java:840)
Caused by: org.apache.hc.client5.http.HttpHostConnectException: Connect to http://localhost:8761 [localhost/127.0.0.1, localhost/0:0:0:0:0:0:0:1] failed: Connection refused: getsockopt
	at java.base/sun.nio.ch.Net.pollConnect(Native Method)
	at java.base/sun.nio.ch.Net.pollConnectNow(Net.java:672)
	at java.base/sun.nio.ch.NioSocketImpl.timedFinishConnect(NioSocketImpl.java:547)
	at java.base/sun.nio.ch.NioSocketImpl.connect(NioSocketImpl.java:602)
	at java.base/java.net.SocksSocketImpl.connect(SocksSocketImpl.java:327)
	at java.base/java.net.Socket.connect(Socket.java:633)
	at org.apache.hc.client5.http.socket.PlainConnectionSocketFactory.lambda$connectSocket$0(PlainConnectionSocketFactory.java:91)
	at java.base/java.security.AccessController.doPrivileged(AccessController.java:569)
	at org.apache.hc.client5.http.socket.PlainConnectionSocketFactory.connectSocket(PlainConnectionSocketFactory.java:90)
	at org.apache.hc.client5.http.socket.ConnectionSocketFactory.connectSocket(ConnectionSocketFactory.java:123)
	at org.apache.hc.client5.http.impl.io.DefaultHttpClientConnectionOperator.connect(DefaultHttpClientConnectionOperator.java:189)
	at org.apache.hc.client5.http.impl.io.PoolingHttpClientConnectionManager.connect(PoolingHttpClientConnectionManager.java:450)
	at org.apache.hc.client5.http.impl.classic.InternalExecRuntime.connectEndpoint(InternalExecRuntime.java:162)
	at org.apache.hc.client5.http.impl.classic.InternalExecRuntime.connectEndpoint(InternalExecRuntime.java:172)
	at org.apache.hc.client5.http.impl.classic.ConnectExec.execute(ConnectExec.java:142)
	at org.apache.hc.client5.http.impl.classic.ExecChainElement.execute(ExecChainElement.java:51)
	at org.apache.hc.client5.http.impl.classic.ProtocolExec.execute(ProtocolExec.java:192)
	at org.apache.hc.client5.http.impl.classic.ExecChainElement.execute(ExecChainElement.java:51)
	at org.apache.hc.client5.http.impl.classic.HttpRequestRetryExec.execute(HttpRequestRetryExec.java:113)
	at org.apache.hc.client5.http.impl.classic.ExecChainElement.execute(ExecChainElement.java:51)
	at org.apache.hc.client5.http.impl.classic.ContentCompressionExec.execute(ContentCompressionExec.java:152)
	at org.apache.hc.client5.http.impl.classic.ExecChainElement.execute(ExecChainElement.java:51)
	at org.apache.hc.client5.http.impl.classic.RedirectExec.execute(RedirectExec.java:116)
	at org.apache.hc.client5.http.impl.classic.ExecChainElement.execute(ExecChainElement.java:51)
	at org.apache.hc.client5.http.impl.classic.InternalHttpClient.doExecute(InternalHttpClient.java:170)
	at org.apache.hc.client5.http.impl.classic.CloseableHttpClient.execute(CloseableHttpClient.java:87)
	at org.apache.hc.client5.http.impl.classic.CloseableHttpClient.execute(CloseableHttpClient.java:55)
	at org.apache.hc.client5.http.classic.HttpClient.executeOpen(HttpClient.java:183)
	at org.springframework.http.client.HttpComponentsClientHttpRequest.executeInternal(HttpComponentsClientHttpRequest.java:99)
	at org.springframework.http.client.AbstractStreamingClientHttpRequest.executeInternal(AbstractStreamingClientHttpRequest.java:70)
	at org.springframework.http.client.AbstractClientHttpRequest.execute(AbstractClientHttpRequest.java:66)
	at org.springframework.http.client.InterceptingClientHttpRequest$InterceptingRequestExecution.execute(InterceptingClientHttpRequest.java:112)
	at org.springframework.cloud.netflix.eureka.http.RestTemplateTransportClientFactory.lambda$restTemplate$3(RestTemplateTransportClientFactory.java:170)
	at org.springframework.http.client.InterceptingClientHttpRequest$InterceptingRequestExecution.execute(InterceptingClientHttpRequest.java:88)
	at org.springframework.http.client.InterceptingClientHttpRequest.executeInternal(InterceptingClientHttpRequest.java:72)
	at org.springframework.http.client.AbstractBufferingClientHttpRequest.executeInternal(AbstractBufferingClientHttpRequest.java:48)
	at org.springframework.http.client.AbstractClientHttpRequest.execute(AbstractClientHttpRequest.java:66)
	at org.springframework.web.client.RestTemplate.doExecute(RestTemplate.java:889)
	... 20 more

[2025-12-19 17:48:02] [WARN] [] [traceId=] [spanId=] [reqId=] [user=] [c.n.d.s.t.d.RetryableEurekaHttpClient:?] - Request execution failed with message: I/O error on PUT request for "http://localhost:8761/eureka/apps/PAYMENTSERVICE/192.168.1.7:paymentservice:8085": Connect to http://localhost:8761 [localhost/127.0.0.1, localhost/0:0:0:0:0:0:0:1] failed: Connection refused: getsockopt
[2025-12-19 17:48:02] [ERROR] [] [traceId=] [spanId=] [reqId=] [user=] [c.netflix.discovery.DiscoveryClient:?] - DiscoveryClient_PAYMENTSERVICE/192.168.1.7:paymentservice:8085 - was unable to send heartbeat!
com.netflix.discovery.shared.transport.TransportException: Cannot execute request on any known server
	at com.netflix.discovery.shared.transport.decorator.RetryableEurekaHttpClient.execute(RetryableEurekaHttpClient.java:112)
	at com.netflix.discovery.shared.transport.decorator.EurekaHttpClientDecorator.sendHeartBeat(EurekaHttpClientDecorator.java:89)
	at com.netflix.discovery.shared.transport.decorator.EurekaHttpClientDecorator$3.execute(EurekaHttpClientDecorator.java:92)
	at com.netflix.discovery.shared.transport.decorator.SessionedEurekaHttpClient.execute(SessionedEurekaHttpClient.java:76)
	at com.netflix.discovery.shared.transport.decorator.EurekaHttpClientDecorator.sendHeartBeat(EurekaHttpClientDecorator.java:89)
	at com.netflix.discovery.DiscoveryClient.renew(DiscoveryClient.java:845)
	at com.netflix.discovery.DiscoveryClient$HeartbeatThread.run(DiscoveryClient.java:1402)
	at java.base/java.util.concurrent.Executors$RunnableAdapter.call(Executors.java:539)
	at java.base/java.util.concurrent.FutureTask.run(FutureTask.java:264)
	at java.base/java.util.concurrent.ThreadPoolExecutor.runWorker(ThreadPoolExecutor.java:1136)
	at java.base/java.util.concurrent.ThreadPoolExecutor$Worker.run(ThreadPoolExecutor.java:635)
	at java.base/java.lang.Thread.run(Thread.java:840)
[2025-12-19 17:48:33] [INFO] [] [traceId=] [spanId=] [reqId=] [user=] [c.netflix.discovery.DiscoveryClient:?] - DiscoveryClient_PAYMENTSERVICE/192.168.1.7:paymentservice:8085 - Re-registering apps/PAYMENTSERVICE
[2025-12-19 17:48:33] [INFO] [] [traceId=] [spanId=] [reqId=] [user=] [c.netflix.discovery.DiscoveryClient:?] - DiscoveryClient_PAYMENTSERVICE/192.168.1.7:paymentservice:8085: registering service...
[2025-12-19 17:48:33] [INFO] [] [traceId=] [spanId=] [reqId=] [user=] [c.netflix.discovery.DiscoveryClient:834] - DiscoveryClient_PAYMENTSERVICE/192.168.1.7:paymentservice:8085 - registration status: 204
[2025-12-19 17:49:29] [INFO] [] [traceId=] [spanId=] [reqId=] [user=] [o.s.c.n.e.s.EurekaServiceRegistry:?] - Unregistering application PAYMENTSERVICE with eureka with status DOWN
[2025-12-19 17:49:29] [INFO] [] [traceId=] [spanId=] [reqId=] [user=] [c.netflix.discovery.DiscoveryClient:?] - Saw local status change event StatusChangeEvent [timestamp=1766146769660, current=DOWN, previous=UP]
[2025-12-19 17:49:29] [INFO] [] [traceId=] [spanId=] [reqId=] [user=] [c.netflix.discovery.DiscoveryClient:?] - DiscoveryClient_PAYMENTSERVICE/192.168.1.7:paymentservice:8085: registering service...
[2025-12-19 17:49:29] [INFO] [] [traceId=] [spanId=] [reqId=] [user=] [c.netflix.discovery.DiscoveryClient:?] - DiscoveryClient_PAYMENTSERVICE/192.168.1.7:paymentservice:8085 - registration status: 204
[2025-12-19 17:49:30] [INFO] [] [traceId=] [spanId=] [reqId=] [user=] [o.s.o.j.LocalContainerEntityManagerFactoryBean:?] - Closing JPA EntityManagerFactory for persistence unit 'default'
[2025-12-19 17:49:30] [INFO] [] [traceId=] [spanId=] [reqId=] [user=] [com.zaxxer.hikari.HikariDataSource:?] - HikariPool-1 - Shutdown initiated...
[2025-12-19 17:49:31] [INFO] [] [traceId=] [spanId=] [reqId=] [user=] [com.zaxxer.hikari.HikariDataSource:?] - HikariPool-1 - Shutdown completed.
[2025-12-19 17:49:31] [INFO] [] [traceId=] [spanId=] [reqId=] [user=] [c.netflix.discovery.DiscoveryClient:?] - Shutting down DiscoveryClient ...
[2025-12-19 17:49:34] [INFO] [] [traceId=] [spanId=] [reqId=] [user=] [c.netflix.discovery.DiscoveryClient:?] - Unregistering ...
[2025-12-19 17:49:34] [WARN] [] [traceId=] [spanId=] [reqId=] [user=] [c.n.discovery.TimedSupervisorTask:?] - task supervisor shutting down, can't accept the task
[2025-12-19 17:49:34] [INFO] [] [traceId=] [spanId=] [reqId=] [user=] [c.netflix.discovery.DiscoveryClient:?] - DiscoveryClient_PAYMENTSERVICE/192.168.1.7:paymentservice:8085 - deregister  status: 200
[2025-12-19 17:49:34] [INFO] [] [traceId=] [spanId=] [reqId=] [user=] [c.netflix.discovery.DiscoveryClient:?] - Completed shut down of DiscoveryClient
[2025-12-19 17:49:47] [INFO] [] [traceId=] [spanId=] [reqId=] [user=] [o.h.validator.internal.util.Version:?] - HV000001: Hibernate Validator 8.0.1.Final
[2025-12-19 17:49:47] [INFO] [Payment] [traceId=] [spanId=] [reqId=] [user=] [c.e.p.PaymentApplication:?] - Starting PaymentApplication using Java 17.0.16 with PID 4476 (D:\workspace\services\ecommerce\ecommerce-backend\paymentservice\target\classes started by ADMIN in D:\workspace\services\ecommerce\ecommerce-backend\paymentservice)
[2025-12-19 17:49:47] [INFO] [Payment] [traceId=] [spanId=] [reqId=] [user=] [c.e.p.PaymentApplication:?] - No active profile set, falling back to 1 default profile: "default"
[2025-12-19 17:49:48] [INFO] [Payment] [traceId=] [spanId=] [reqId=] [user=] [o.s.d.r.c.RepositoryConfigurationDelegate:?] - Bootstrapping Spring Data JPA repositories in DEFAULT mode.
[2025-12-19 17:49:48] [INFO] [Payment] [traceId=] [spanId=] [reqId=] [user=] [o.s.d.r.c.RepositoryConfigurationDelegate:?] - Finished Spring Data repository scanning in 157 ms. Found 1 JPA repository interface.
[2025-12-19 17:49:49] [INFO] [Payment] [traceId=] [spanId=] [reqId=] [user=] [o.s.cloud.context.scope.GenericScope:?] - BeanFactory id=1eb1bcf4-856a-371f-b96c-3b38f9a07065
[2025-12-19 17:49:49] [WARN] [Payment] [traceId=] [spanId=] [reqId=] [user=] [o.s.c.s.PostProcessorRegistrationDelegate$BeanPostProcessorChecker:?] - Bean 'org.springframework.cloud.client.loadbalancer.LoadBalancerAutoConfiguration$DeferringLoadBalancerInterceptorConfig' of type [org.springframework.cloud.client.loadbalancer.LoadBalancerAutoConfiguration$DeferringLoadBalancerInterceptorConfig] is not eligible for getting processed by all BeanPostProcessors (for example: not eligible for auto-proxying). The currently created BeanPostProcessor [lbRestClientPostProcessor] is declared through a non-static factory method on that class; consider declaring it as static instead.
[2025-12-19 17:49:49] [WARN] [Payment] [traceId=] [spanId=] [reqId=] [user=] [o.s.c.s.PostProcessorRegistrationDelegate$BeanPostProcessorChecker:?] - Bean 'deferringLoadBalancerInterceptor' of type [org.springframework.cloud.client.loadbalancer.DeferringLoadBalancerInterceptor] is not eligible for getting processed by all BeanPostProcessors (for example: not eligible for auto-proxying). Is this bean getting eagerly injected into a currently created BeanPostProcessor [lbRestClientPostProcessor]? Check the corresponding BeanPostProcessor declaration and its dependencies.
[2025-12-19 17:49:50] [INFO] [Payment] [traceId=] [spanId=] [reqId=] [user=] [o.s.b.w.e.tomcat.TomcatWebServer:?] - Tomcat initialized with port 8085 (http)
[2025-12-19 17:49:50] [INFO] [Payment] [traceId=] [spanId=] [reqId=] [user=] [o.a.coyote.http11.Http11NioProtocol:?] - Initializing ProtocolHandler ["http-nio-8085"]
[2025-12-19 17:49:50] [INFO] [Payment] [traceId=] [spanId=] [reqId=] [user=] [o.a.catalina.core.StandardService:173] - Starting service [Tomcat]
[2025-12-19 17:49:50] [INFO] [Payment] [traceId=] [spanId=] [reqId=] [user=] [o.a.catalina.core.StandardEngine:173] - Starting Servlet engine: [Apache Tomcat/10.1.30]
[2025-12-19 17:49:50] [INFO] [Payment] [traceId=] [spanId=] [reqId=] [user=] [o.a.c.c.C.[Tomcat].[localhost].[/]:?] - Initializing Spring embedded WebApplicationContext
[2025-12-19 17:49:50] [INFO] [Payment] [traceId=] [spanId=] [reqId=] [user=] [o.s.b.w.s.c.ServletWebServerApplicationContext:?] - Root WebApplicationContext: initialization completed in 2510 ms
[2025-12-19 17:49:50] [INFO] [Payment] [traceId=] [spanId=] [reqId=] [user=] [o.h.jpa.internal.util.LogHelper:?] - HHH000204: Processing PersistenceUnitInfo [name: default]
[2025-12-19 17:49:50] [INFO] [Payment] [traceId=] [spanId=] [reqId=] [user=] [org.hibernate.Version:?] - HHH000412: Hibernate ORM core version 6.5.3.Final
[2025-12-19 17:49:50] [INFO] [Payment] [traceId=] [spanId=] [reqId=] [user=] [o.h.c.i.RegionFactoryInitiator:?] - HHH000026: Second-level cache disabled
[2025-12-19 17:49:50] [INFO] [Payment] [traceId=] [spanId=] [reqId=] [user=] [o.s.o.j.p.SpringPersistenceUnitInfo:?] - No LoadTimeWeaver setup: ignoring JPA class transformer
[2025-12-19 17:49:50] [INFO] [Payment] [traceId=] [spanId=] [reqId=] [user=] [com.zaxxer.hikari.HikariDataSource:?] - HikariPool-1 - Starting...
[2025-12-19 17:49:50] [INFO] [Payment] [traceId=] [spanId=] [reqId=] [user=] [com.zaxxer.hikari.pool.HikariPool:?] - HikariPool-1 - Added connection conn0: url=jdbc:h2:file:D:/workspace/services/ecommerce/ecommerce-backend/main user=SA
[2025-12-19 17:49:50] [INFO] [Payment] [traceId=] [spanId=] [reqId=] [user=] [com.zaxxer.hikari.HikariDataSource:?] - HikariPool-1 - Start completed.
[2025-12-19 17:49:52] [INFO] [Payment] [traceId=] [spanId=] [reqId=] [user=] [o.h.e.t.j.p.i.JtaPlatformInitiator:?] - HHH000489: No JTA platform available (set 'hibernate.transaction.jta.platform' to enable JTA platform integration)
[2025-12-19 17:49:52] [INFO] [Payment] [traceId=] [spanId=] [reqId=] [user=] [o.s.o.j.LocalContainerEntityManagerFactoryBean:?] - Initialized JPA EntityManagerFactory for persistence unit 'default'
[2025-12-19 17:49:52] [WARN] [Payment] [traceId=] [spanId=] [reqId=] [user=] [o.s.b.a.o.j.JpaBaseConfiguration$JpaWebConfiguration:?] - spring.jpa.open-in-view is enabled by default. Therefore, database queries may be performed during view rendering. Explicitly configure spring.jpa.open-in-view to disable this warning
[2025-12-19 17:49:52] [WARN] [Payment] [traceId=] [spanId=] [reqId=] [user=] [o.s.b.a.s.s.UserDetailsServiceAutoConfiguration:?] - 

Using generated security password: df4ab55c-c4d7-4485-b894-1064602de110

This generated password is for development use only. Your security configuration must be updated before running your application in production.

[2025-12-19 17:49:52] [INFO] [Payment] [traceId=] [spanId=] [reqId=] [user=] [o.s.s.c.a.a.c.InitializeUserDetailsBeanManagerConfigurer$InitializeUserDetailsManagerConfigurer:?] - Global AuthenticationManager configured with UserDetailsService bean with name inMemoryUserDetailsManager
[2025-12-19 17:49:53] [INFO] [Payment] [traceId=] [spanId=] [reqId=] [user=] [o.s.c.n.e.c.DiscoveryClientOptionalArgsConfiguration:?] - Eureka HTTP Client uses RestTemplate.
[2025-12-19 17:49:53] [WARN] [Payment] [traceId=] [spanId=] [reqId=] [user=] [o.s.c.l.c.LoadBalancerCacheAutoConfiguration$LoadBalancerCaffeineWarnLogger:?] - Spring Cloud LoadBalancer is currently working with the default cache. While this cache implementation is useful for development and tests, it's recommended to use Caffeine cache in production.You can switch to using Caffeine cache, by adding it and org.springframework.cache.caffeine.CaffeineCacheManager to the classpath.
[2025-12-19 17:49:54] [INFO] [Payment] [traceId=] [spanId=] [reqId=] [user=] [o.s.c.n.eureka.InstanceInfoFactory:?] - Setting initial instance status as: STARTING
[2025-12-19 17:49:54] [INFO] [Payment] [traceId=] [spanId=] [reqId=] [user=] [c.netflix.discovery.DiscoveryClient:?] - Initializing Eureka in region us-east-1
[2025-12-19 17:49:54] [INFO] [Payment] [traceId=] [spanId=] [reqId=] [user=] [c.n.d.s.r.aws.ConfigClusterResolver:?] - Resolving eureka endpoints via configuration
[2025-12-19 17:49:54] [INFO] [Payment] [traceId=] [spanId=] [reqId=] [user=] [c.netflix.discovery.DiscoveryClient:?] - Disable delta property : false
[2025-12-19 17:49:54] [INFO] [Payment] [traceId=] [spanId=] [reqId=] [user=] [c.netflix.discovery.DiscoveryClient:?] - Single vip registry refresh property : null
[2025-12-19 17:49:54] [INFO] [Payment] [traceId=] [spanId=] [reqId=] [user=] [c.netflix.discovery.DiscoveryClient:?] - Force full registry fetch : false
[2025-12-19 17:49:54] [INFO] [Payment] [traceId=] [spanId=] [reqId=] [user=] [c.netflix.discovery.DiscoveryClient:957] - Application is null : false
[2025-12-19 17:49:54] [INFO] [Payment] [traceId=] [spanId=] [reqId=] [user=] [c.netflix.discovery.DiscoveryClient:?] - Registered Applications size is zero : true
[2025-12-19 17:49:54] [INFO] [Payment] [traceId=] [spanId=] [reqId=] [user=] [c.netflix.discovery.DiscoveryClient:?] - Application version is -1: true
[2025-12-19 17:49:54] [INFO] [Payment] [traceId=] [spanId=] [reqId=] [user=] [c.netflix.discovery.DiscoveryClient:?] - Getting all instance registry info from the eureka server
[2025-12-19 17:49:54] [INFO] [Payment] [traceId=] [spanId=] [reqId=] [user=] [c.netflix.discovery.DiscoveryClient:?] - The response status is 200
[2025-12-19 17:49:54] [INFO] [Payment] [traceId=] [spanId=] [reqId=] [user=] [c.netflix.discovery.DiscoveryClient:?] - Starting heartbeat executor: renew interval is: 30
[2025-12-19 17:49:54] [INFO] [Payment] [traceId=] [spanId=] [reqId=] [user=] [c.n.discovery.InstanceInfoReplicator:?] - InstanceInfoReplicator onDemand update allowed rate per min is 4
[2025-12-19 17:49:54] [INFO] [Payment] [traceId=] [spanId=] [reqId=] [user=] [c.netflix.discovery.DiscoveryClient:?] - Discovery Client initialized at timestamp 1766146794616 with initial instances count: 4
[2025-12-19 17:49:54] [INFO] [Payment] [traceId=] [spanId=] [reqId=] [user=] [o.s.c.n.e.s.EurekaServiceRegistry:?] - Registering application PAYMENTSERVICE with eureka with status UP
[2025-12-19 17:49:54] [INFO] [Payment] [traceId=] [spanId=] [reqId=] [user=] [c.netflix.discovery.DiscoveryClient:?] - Saw local status change event StatusChangeEvent [timestamp=1766146794624, current=UP, previous=STARTING]
[2025-12-19 17:49:54] [INFO] [Payment] [traceId=] [spanId=] [reqId=] [user=] [o.a.coyote.http11.Http11NioProtocol:?] - Starting ProtocolHandler ["http-nio-8085"]
[2025-12-19 17:49:54] [INFO] [] [traceId=] [spanId=] [reqId=] [user=] [c.netflix.discovery.DiscoveryClient:?] - DiscoveryClient_PAYMENTSERVICE/192.168.1.7:paymentservice:8085: registering service...
[2025-12-19 17:49:54] [INFO] [Payment] [traceId=] [spanId=] [reqId=] [user=] [o.s.b.w.e.tomcat.TomcatWebServer:243] - Tomcat started on port 8085 (http) with context path '/'
[2025-12-19 17:49:54] [INFO] [Payment] [traceId=] [spanId=] [reqId=] [user=] [o.s.c.n.e.s.EurekaAutoServiceRegistration:?] - Updating port to 8085
[2025-12-19 17:49:54] [INFO] [] [traceId=] [spanId=] [reqId=] [user=] [c.netflix.discovery.DiscoveryClient:?] - DiscoveryClient_PAYMENTSERVICE/192.168.1.7:paymentservice:8085 - registration status: 204
[2025-12-19 17:49:54] [INFO] [Payment] [traceId=] [spanId=] [reqId=] [user=] [c.e.p.PaymentApplication:?] - Started PaymentApplication in 8.591 seconds (process running for 9.138)
[2025-12-19 17:54:54] [INFO] [] [traceId=] [spanId=] [reqId=] [user=] [c.n.d.s.r.aws.ConfigClusterResolver:?] - Resolving eureka endpoints via configuration
[2025-12-19 17:59:54] [INFO] [] [traceId=] [spanId=] [reqId=] [user=] [c.n.d.s.r.aws.ConfigClusterResolver:?] - Resolving eureka endpoints via configuration
[2025-12-19 18:04:54] [INFO] [] [traceId=] [spanId=] [reqId=] [user=] [c.n.d.s.r.aws.ConfigClusterResolver:?] - Resolving eureka endpoints via configuration
[2025-12-19 18:09:54] [INFO] [] [traceId=] [spanId=] [reqId=] [user=] [c.n.d.s.r.aws.ConfigClusterResolver:43] - Resolving eureka endpoints via configuration
[2025-12-19 18:14:54] [INFO] [] [traceId=] [spanId=] [reqId=] [user=] [c.n.d.s.r.aws.ConfigClusterResolver:43] - Resolving eureka endpoints via configuration
[2025-12-19 18:19:54] [INFO] [] [traceId=] [spanId=] [reqId=] [user=] [c.n.d.s.r.aws.ConfigClusterResolver:?] - Resolving eureka endpoints via configuration
[2025-12-19 18:24:54] [INFO] [] [traceId=] [spanId=] [reqId=] [user=] [c.n.d.s.r.aws.ConfigClusterResolver:?] - Resolving eureka endpoints via configuration
[2025-12-19 18:29:54] [INFO] [] [traceId=] [spanId=] [reqId=] [user=] [c.n.d.s.r.aws.ConfigClusterResolver:43] - Resolving eureka endpoints via configuration
[2025-12-19 18:34:54] [INFO] [] [traceId=] [spanId=] [reqId=] [user=] [c.n.d.s.r.aws.ConfigClusterResolver:?] - Resolving eureka endpoints via configuration
[2025-12-19 18:39:54] [INFO] [] [traceId=] [spanId=] [reqId=] [user=] [c.n.d.s.r.aws.ConfigClusterResolver:43] - Resolving eureka endpoints via configuration
[2025-12-19 18:44:54] [INFO] [] [traceId=] [spanId=] [reqId=] [user=] [c.n.d.s.r.aws.ConfigClusterResolver:43] - Resolving eureka endpoints via configuration
[2025-12-19 18:49:54] [INFO] [] [traceId=] [spanId=] [reqId=] [user=] [c.n.d.s.r.aws.ConfigClusterResolver:?] - Resolving eureka endpoints via configuration
[2025-12-19 18:54:54] [INFO] [] [traceId=] [spanId=] [reqId=] [user=] [c.n.d.s.r.aws.ConfigClusterResolver:?] - Resolving eureka endpoints via configuration
[2025-12-19 18:59:54] [INFO] [] [traceId=] [spanId=] [reqId=] [user=] [c.n.d.s.r.aws.ConfigClusterResolver:?] - Resolving eureka endpoints via configuration
[2025-12-19 19:04:54] [INFO] [] [traceId=] [spanId=] [reqId=] [user=] [c.n.d.s.r.aws.ConfigClusterResolver:?] - Resolving eureka endpoints via configuration
[2025-12-19 19:09:54] [INFO] [] [traceId=] [spanId=] [reqId=] [user=] [c.n.d.s.r.aws.ConfigClusterResolver:?] - Resolving eureka endpoints via configuration
[2025-12-19 19:14:54] [INFO] [] [traceId=] [spanId=] [reqId=] [user=] [c.n.d.s.r.aws.ConfigClusterResolver:43] - Resolving eureka endpoints via configuration
[2025-12-19 19:19:54] [INFO] [] [traceId=] [spanId=] [reqId=] [user=] [c.n.d.s.r.aws.ConfigClusterResolver:?] - Resolving eureka endpoints via configuration
[2025-12-19 19:24:54] [INFO] [] [traceId=] [spanId=] [reqId=] [user=] [c.n.d.s.r.aws.ConfigClusterResolver:?] - Resolving eureka endpoints via configuration
[2025-12-19 19:29:54] [INFO] [] [traceId=] [spanId=] [reqId=] [user=] [c.n.d.s.r.aws.ConfigClusterResolver:?] - Resolving eureka endpoints via configuration
[2025-12-19 19:34:54] [INFO] [] [traceId=] [spanId=] [reqId=] [user=] [c.n.d.s.r.aws.ConfigClusterResolver:?] - Resolving eureka endpoints via configuration
[2025-12-19 19:39:54] [INFO] [] [traceId=] [spanId=] [reqId=] [user=] [c.n.d.s.r.aws.ConfigClusterResolver:?] - Resolving eureka endpoints via configuration
[2025-12-19 19:44:54] [INFO] [] [traceId=] [spanId=] [reqId=] [user=] [c.n.d.s.r.aws.ConfigClusterResolver:?] - Resolving eureka endpoints via configuration
[2025-12-19 20:34:57] [INFO] [] [traceId=] [spanId=] [reqId=] [user=] [c.n.d.s.r.aws.ConfigClusterResolver:43] - Resolving eureka endpoints via configuration
[2025-12-19 20:35:23] [WARN] [] [traceId=] [spanId=] [reqId=] [user=] [com.zaxxer.hikari.pool.HikariPool:?] - HikariPool-1 - Thread starvation or clock leap detected (housekeeper delta=45m30s385ms14µs100ns).
[2025-12-19 20:39:57] [INFO] [] [traceId=] [spanId=] [reqId=] [user=] [c.n.d.s.r.aws.ConfigClusterResolver:?] - Resolving eureka endpoints via configuration
[2025-12-19 20:44:57] [INFO] [] [traceId=] [spanId=] [reqId=] [user=] [c.n.d.s.r.aws.ConfigClusterResolver:?] - Resolving eureka endpoints via configuration
[2025-12-19 20:49:57] [INFO] [] [traceId=] [spanId=] [reqId=] [user=] [c.n.d.s.r.aws.ConfigClusterResolver:?] - Resolving eureka endpoints via configuration
[2025-12-19 20:54:57] [INFO] [] [traceId=] [spanId=] [reqId=] [user=] [c.n.d.s.r.aws.ConfigClusterResolver:?] - Resolving eureka endpoints via configuration
[2025-12-19 20:59:57] [INFO] [] [traceId=] [spanId=] [reqId=] [user=] [c.n.d.s.r.aws.ConfigClusterResolver:?] - Resolving eureka endpoints via configuration
[2025-12-19 21:04:57] [INFO] [] [traceId=] [spanId=] [reqId=] [user=] [c.n.d.s.r.aws.ConfigClusterResolver:?] - Resolving eureka endpoints via configuration
[2025-12-19 21:09:57] [INFO] [] [traceId=] [spanId=] [reqId=] [user=] [c.n.d.s.r.aws.ConfigClusterResolver:?] - Resolving eureka endpoints via configuration
[2025-12-19 21:14:57] [INFO] [] [traceId=] [spanId=] [reqId=] [user=] [c.n.d.s.r.aws.ConfigClusterResolver:?] - Resolving eureka endpoints via configuration
[2025-12-19 21:19:57] [INFO] [] [traceId=] [spanId=] [reqId=] [user=] [c.n.d.s.r.aws.ConfigClusterResolver:?] - Resolving eureka endpoints via configuration
[2025-12-19 21:24:57] [INFO] [] [traceId=] [spanId=] [reqId=] [user=] [c.n.d.s.r.aws.ConfigClusterResolver:?] - Resolving eureka endpoints via configuration
[2025-12-19 21:29:57] [INFO] [] [traceId=] [spanId=] [reqId=] [user=] [c.n.d.s.r.aws.ConfigClusterResolver:43] - Resolving eureka endpoints via configuration
[2025-12-19 21:34:57] [INFO] [] [traceId=] [spanId=] [reqId=] [user=] [c.n.d.s.r.aws.ConfigClusterResolver:?] - Resolving eureka endpoints via configuration
[2025-12-19 21:39:57] [INFO] [] [traceId=] [spanId=] [reqId=] [user=] [c.n.d.s.r.aws.ConfigClusterResolver:?] - Resolving eureka endpoints via configuration
[2025-12-19 21:44:57] [INFO] [] [traceId=] [spanId=] [reqId=] [user=] [c.n.d.s.r.aws.ConfigClusterResolver:43] - Resolving eureka endpoints via configuration
[2025-12-19 21:49:57] [INFO] [] [traceId=] [spanId=] [reqId=] [user=] [c.n.d.s.r.aws.ConfigClusterResolver:?] - Resolving eureka endpoints via configuration
[2025-12-19 21:54:57] [INFO] [] [traceId=] [spanId=] [reqId=] [user=] [c.n.d.s.r.aws.ConfigClusterResolver:43] - Resolving eureka endpoints via configuration
