[2025-12-15 09:46:29] [WARN] [] [traceId=] [spanId=] [reqId=] [user=] [com.zaxxer.hikari.pool.HikariPool:797] - HikariPool-1 - Thread starvation or clock leap detected (housekeeper delta=14h8m50s671ms203탎300ns).
[2025-12-15 09:50:00] [INFO] [] [traceId=] [spanId=] [reqId=] [user=] [c.n.d.s.r.aws.ConfigClusterResolver:?] - Resolving eureka endpoints via configuration
[2025-12-15 09:55:00] [INFO] [] [traceId=] [spanId=] [reqId=] [user=] [c.n.d.s.r.aws.ConfigClusterResolver:?] - Resolving eureka endpoints via configuration
[2025-12-15 10:07:41] [WARN] [] [traceId=] [spanId=] [reqId=] [user=] [com.zaxxer.hikari.pool.HikariPool:797] - HikariPool-1 - Thread starvation or clock leap detected (housekeeper delta=11m13s167ms581탎700ns).
[2025-12-15 10:10:43] [INFO] [] [traceId=] [spanId=] [reqId=] [user=] [c.n.d.s.r.aws.ConfigClusterResolver:?] - Resolving eureka endpoints via configuration
[2025-12-15 10:15:43] [INFO] [] [traceId=] [spanId=] [reqId=] [user=] [c.n.d.s.r.aws.ConfigClusterResolver:?] - Resolving eureka endpoints via configuration
[2025-12-15 10:33:47] [WARN] [] [traceId=] [spanId=] [reqId=] [user=] [com.zaxxer.hikari.pool.HikariPool:?] - HikariPool-1 - Thread starvation or clock leap detected (housekeeper delta=16m5s562ms375탎400ns).
[2025-12-15 10:36:18] [INFO] [] [traceId=] [spanId=] [reqId=] [user=] [c.n.d.s.r.aws.ConfigClusterResolver:?] - Resolving eureka endpoints via configuration
[2025-12-15 10:41:18] [INFO] [] [traceId=] [spanId=] [reqId=] [user=] [c.n.d.s.r.aws.ConfigClusterResolver:?] - Resolving eureka endpoints via configuration
[2025-12-15 10:46:18] [INFO] [] [traceId=] [spanId=] [reqId=] [user=] [c.n.d.s.r.aws.ConfigClusterResolver:?] - Resolving eureka endpoints via configuration
[2025-12-15 10:51:18] [INFO] [] [traceId=] [spanId=] [reqId=] [user=] [c.n.d.s.r.aws.ConfigClusterResolver:?] - Resolving eureka endpoints via configuration
[2025-12-15 10:56:18] [INFO] [] [traceId=] [spanId=] [reqId=] [user=] [c.n.d.s.r.aws.ConfigClusterResolver:?] - Resolving eureka endpoints via configuration
[2025-12-15 11:01:18] [INFO] [] [traceId=] [spanId=] [reqId=] [user=] [c.n.d.s.r.aws.ConfigClusterResolver:?] - Resolving eureka endpoints via configuration
[2025-12-15 11:06:18] [INFO] [] [traceId=] [spanId=] [reqId=] [user=] [c.n.d.s.r.aws.ConfigClusterResolver:?] - Resolving eureka endpoints via configuration
[2025-12-15 11:11:18] [INFO] [] [traceId=] [spanId=] [reqId=] [user=] [c.n.d.s.r.aws.ConfigClusterResolver:?] - Resolving eureka endpoints via configuration
[2025-12-15 11:16:18] [INFO] [] [traceId=] [spanId=] [reqId=] [user=] [c.n.d.s.r.aws.ConfigClusterResolver:?] - Resolving eureka endpoints via configuration
[2025-12-15 11:21:18] [INFO] [] [traceId=] [spanId=] [reqId=] [user=] [c.n.d.s.r.aws.ConfigClusterResolver:?] - Resolving eureka endpoints via configuration
[2025-12-15 11:26:18] [INFO] [] [traceId=] [spanId=] [reqId=] [user=] [c.n.d.s.r.aws.ConfigClusterResolver:?] - Resolving eureka endpoints via configuration
[2025-12-15 11:31:18] [INFO] [] [traceId=] [spanId=] [reqId=] [user=] [c.n.d.s.r.aws.ConfigClusterResolver:?] - Resolving eureka endpoints via configuration
[2025-12-15 11:36:18] [INFO] [] [traceId=] [spanId=] [reqId=] [user=] [c.n.d.s.r.aws.ConfigClusterResolver:?] - Resolving eureka endpoints via configuration
[2025-12-15 11:41:18] [INFO] [] [traceId=] [spanId=] [reqId=] [user=] [c.n.d.s.r.aws.ConfigClusterResolver:?] - Resolving eureka endpoints via configuration
[2025-12-15 11:46:18] [INFO] [] [traceId=] [spanId=] [reqId=] [user=] [c.n.d.s.r.aws.ConfigClusterResolver:?] - Resolving eureka endpoints via configuration
[2025-12-15 11:51:19] [INFO] [] [traceId=] [spanId=] [reqId=] [user=] [c.n.d.s.r.aws.ConfigClusterResolver:?] - Resolving eureka endpoints via configuration
[2025-12-15 11:56:19] [INFO] [] [traceId=] [spanId=] [reqId=] [user=] [c.n.d.s.r.aws.ConfigClusterResolver:?] - Resolving eureka endpoints via configuration
[2025-12-15 12:18:12] [WARN] [] [traceId=] [spanId=] [reqId=] [user=] [com.zaxxer.hikari.pool.HikariPool:?] - HikariPool-1 - Thread starvation or clock leap detected (housekeeper delta=20m23s655ms120탎).
[2025-12-15 12:21:12] [INFO] [] [traceId=] [spanId=] [reqId=] [user=] [c.n.d.s.r.aws.ConfigClusterResolver:?] - Resolving eureka endpoints via configuration
[2025-12-15 12:26:12] [INFO] [] [traceId=] [spanId=] [reqId=] [user=] [c.n.d.s.r.aws.ConfigClusterResolver:?] - Resolving eureka endpoints via configuration
[2025-12-15 12:31:12] [INFO] [] [traceId=] [spanId=] [reqId=] [user=] [c.n.d.s.r.aws.ConfigClusterResolver:?] - Resolving eureka endpoints via configuration
[2025-12-15 12:36:12] [INFO] [] [traceId=] [spanId=] [reqId=] [user=] [c.n.d.s.r.aws.ConfigClusterResolver:?] - Resolving eureka endpoints via configuration
[2025-12-15 12:41:12] [INFO] [] [traceId=] [spanId=] [reqId=] [user=] [c.n.d.s.r.aws.ConfigClusterResolver:?] - Resolving eureka endpoints via configuration
[2025-12-15 12:46:12] [INFO] [] [traceId=] [spanId=] [reqId=] [user=] [c.n.d.s.r.aws.ConfigClusterResolver:?] - Resolving eureka endpoints via configuration
[2025-12-15 12:51:12] [INFO] [] [traceId=] [spanId=] [reqId=] [user=] [c.n.d.s.r.aws.ConfigClusterResolver:?] - Resolving eureka endpoints via configuration
[2025-12-15 12:56:12] [INFO] [] [traceId=] [spanId=] [reqId=] [user=] [c.n.d.s.r.aws.ConfigClusterResolver:43] - Resolving eureka endpoints via configuration
[2025-12-15 13:01:12] [INFO] [] [traceId=] [spanId=] [reqId=] [user=] [c.n.d.s.r.aws.ConfigClusterResolver:?] - Resolving eureka endpoints via configuration
[2025-12-15 13:06:12] [INFO] [] [traceId=] [spanId=] [reqId=] [user=] [c.n.d.s.r.aws.ConfigClusterResolver:?] - Resolving eureka endpoints via configuration
[2025-12-15 13:11:12] [INFO] [] [traceId=] [spanId=] [reqId=] [user=] [c.n.d.s.r.aws.ConfigClusterResolver:?] - Resolving eureka endpoints via configuration
[2025-12-15 13:16:12] [INFO] [] [traceId=] [spanId=] [reqId=] [user=] [c.n.d.s.r.aws.ConfigClusterResolver:?] - Resolving eureka endpoints via configuration
[2025-12-15 13:21:13] [INFO] [] [traceId=] [spanId=] [reqId=] [user=] [c.n.d.s.r.aws.ConfigClusterResolver:?] - Resolving eureka endpoints via configuration
[2025-12-15 13:26:13] [INFO] [] [traceId=] [spanId=] [reqId=] [user=] [c.n.d.s.r.aws.ConfigClusterResolver:?] - Resolving eureka endpoints via configuration
[2025-12-15 13:31:13] [INFO] [] [traceId=] [spanId=] [reqId=] [user=] [c.n.d.s.r.aws.ConfigClusterResolver:?] - Resolving eureka endpoints via configuration
[2025-12-15 13:36:13] [INFO] [] [traceId=] [spanId=] [reqId=] [user=] [c.n.d.s.r.aws.ConfigClusterResolver:?] - Resolving eureka endpoints via configuration
[2025-12-15 13:41:13] [INFO] [] [traceId=] [spanId=] [reqId=] [user=] [c.n.d.s.r.aws.ConfigClusterResolver:?] - Resolving eureka endpoints via configuration
[2025-12-15 13:46:13] [INFO] [] [traceId=] [spanId=] [reqId=] [user=] [c.n.d.s.r.aws.ConfigClusterResolver:?] - Resolving eureka endpoints via configuration
[2025-12-15 13:51:13] [INFO] [] [traceId=] [spanId=] [reqId=] [user=] [c.n.d.s.r.aws.ConfigClusterResolver:?] - Resolving eureka endpoints via configuration
[2025-12-15 13:56:13] [INFO] [] [traceId=] [spanId=] [reqId=] [user=] [c.n.d.s.r.aws.ConfigClusterResolver:?] - Resolving eureka endpoints via configuration
[2025-12-15 14:01:13] [INFO] [] [traceId=] [spanId=] [reqId=] [user=] [c.n.d.s.r.aws.ConfigClusterResolver:?] - Resolving eureka endpoints via configuration
[2025-12-15 14:06:13] [INFO] [] [traceId=] [spanId=] [reqId=] [user=] [c.n.d.s.r.aws.ConfigClusterResolver:?] - Resolving eureka endpoints via configuration
[2025-12-15 14:11:13] [INFO] [] [traceId=] [spanId=] [reqId=] [user=] [c.n.d.s.r.aws.ConfigClusterResolver:?] - Resolving eureka endpoints via configuration
[2025-12-15 14:16:13] [INFO] [] [traceId=] [spanId=] [reqId=] [user=] [c.n.d.s.r.aws.ConfigClusterResolver:?] - Resolving eureka endpoints via configuration
[2025-12-15 14:21:13] [INFO] [] [traceId=] [spanId=] [reqId=] [user=] [c.n.d.s.r.aws.ConfigClusterResolver:?] - Resolving eureka endpoints via configuration
[2025-12-15 14:26:13] [INFO] [] [traceId=] [spanId=] [reqId=] [user=] [c.n.d.s.r.aws.ConfigClusterResolver:43] - Resolving eureka endpoints via configuration
[2025-12-15 14:31:13] [INFO] [] [traceId=] [spanId=] [reqId=] [user=] [c.n.d.s.r.aws.ConfigClusterResolver:?] - Resolving eureka endpoints via configuration
[2025-12-15 14:36:13] [INFO] [] [traceId=] [spanId=] [reqId=] [user=] [c.n.d.s.r.aws.ConfigClusterResolver:?] - Resolving eureka endpoints via configuration
[2025-12-15 14:41:13] [INFO] [] [traceId=] [spanId=] [reqId=] [user=] [c.n.d.s.r.aws.ConfigClusterResolver:?] - Resolving eureka endpoints via configuration
[2025-12-15 14:43:21] [INFO] [] [traceId=] [spanId=] [reqId=] [user=] [c.n.d.s.t.d.RedirectingEurekaHttpClient:?] - Request execution error. endpoint=DefaultEndpoint{ serviceUrl='http://localhost:8761/eureka/} exception=I/O error on PUT request for "http://localhost:8761/eureka/apps/USERSERVICE/192.168.1.7:userservice:8081": Connect to http://localhost:8761 [localhost/127.0.0.1, localhost/0:0:0:0:0:0:0:1] failed: Connection refused: getsockopt stacktrace=org.springframework.web.client.ResourceAccessException: I/O error on PUT request for "http://localhost:8761/eureka/apps/USERSERVICE/192.168.1.7:userservice:8081": Connect to http://localhost:8761 [localhost/127.0.0.1, localhost/0:0:0:0:0:0:0:1] failed: Connection refused: getsockopt
	at org.springframework.web.client.RestTemplate.createResourceAccessException(RestTemplate.java:915)
	at org.springframework.web.client.RestTemplate.doExecute(RestTemplate.java:895)
	at org.springframework.web.client.RestTemplate.execute(RestTemplate.java:790)
	at org.springframework.web.client.RestTemplate.exchange(RestTemplate.java:672)
	at org.springframework.cloud.netflix.eureka.http.RestTemplateEurekaHttpClient.sendHeartBeat(RestTemplateEurekaHttpClient.java:99)
	at com.netflix.discovery.shared.transport.decorator.EurekaHttpClientDecorator$3.execute(EurekaHttpClientDecorator.java:92)
	at com.netflix.discovery.shared.transport.decorator.RedirectingEurekaHttpClient.execute(RedirectingEurekaHttpClient.java:91)
	at com.netflix.discovery.shared.transport.decorator.EurekaHttpClientDecorator.sendHeartBeat(EurekaHttpClientDecorator.java:89)
	at com.netflix.discovery.shared.transport.decorator.EurekaHttpClientDecorator$3.execute(EurekaHttpClientDecorator.java:92)
	at com.netflix.discovery.shared.transport.decorator.RetryableEurekaHttpClient.execute(RetryableEurekaHttpClient.java:120)
	at com.netflix.discovery.shared.transport.decorator.EurekaHttpClientDecorator.sendHeartBeat(EurekaHttpClientDecorator.java:89)
	at com.netflix.discovery.shared.transport.decorator.EurekaHttpClientDecorator$3.execute(EurekaHttpClientDecorator.java:92)
	at com.netflix.discovery.shared.transport.decorator.SessionedEurekaHttpClient.execute(SessionedEurekaHttpClient.java:76)
	at com.netflix.discovery.shared.transport.decorator.EurekaHttpClientDecorator.sendHeartBeat(EurekaHttpClientDecorator.java:89)
	at com.netflix.discovery.DiscoveryClient.renew(DiscoveryClient.java:845)
	at com.netflix.discovery.DiscoveryClient$HeartbeatThread.run(DiscoveryClient.java:1402)
	at java.base/java.util.concurrent.Executors$RunnableAdapter.call(Executors.java:539)
	at java.base/java.util.concurrent.FutureTask.run(FutureTask.java:264)
	at java.base/java.util.concurrent.ThreadPoolExecutor.runWorker(ThreadPoolExecutor.java:1136)
	at java.base/java.util.concurrent.ThreadPoolExecutor$Worker.run(ThreadPoolExecutor.java:635)
	at java.base/java.lang.Thread.run(Thread.java:840)
Caused by: org.apache.hc.client5.http.HttpHostConnectException: Connect to http://localhost:8761 [localhost/127.0.0.1, localhost/0:0:0:0:0:0:0:1] failed: Connection refused: getsockopt
	at java.base/sun.nio.ch.Net.pollConnect(Native Method)
	at java.base/sun.nio.ch.Net.pollConnectNow(Net.java:672)
	at java.base/sun.nio.ch.NioSocketImpl.timedFinishConnect(NioSocketImpl.java:547)
	at java.base/sun.nio.ch.NioSocketImpl.connect(NioSocketImpl.java:602)
	at java.base/java.net.SocksSocketImpl.connect(SocksSocketImpl.java:327)
	at java.base/java.net.Socket.connect(Socket.java:633)
	at org.apache.hc.client5.http.socket.PlainConnectionSocketFactory.lambda$connectSocket$0(PlainConnectionSocketFactory.java:91)
	at java.base/java.security.AccessController.doPrivileged(AccessController.java:569)
	at org.apache.hc.client5.http.socket.PlainConnectionSocketFactory.connectSocket(PlainConnectionSocketFactory.java:90)
	at org.apache.hc.client5.http.socket.ConnectionSocketFactory.connectSocket(ConnectionSocketFactory.java:123)
	at org.apache.hc.client5.http.impl.io.DefaultHttpClientConnectionOperator.connect(DefaultHttpClientConnectionOperator.java:189)
	at org.apache.hc.client5.http.impl.io.PoolingHttpClientConnectionManager.connect(PoolingHttpClientConnectionManager.java:450)
	at org.apache.hc.client5.http.impl.classic.InternalExecRuntime.connectEndpoint(InternalExecRuntime.java:162)
	at org.apache.hc.client5.http.impl.classic.InternalExecRuntime.connectEndpoint(InternalExecRuntime.java:172)
	at org.apache.hc.client5.http.impl.classic.ConnectExec.execute(ConnectExec.java:142)
	at org.apache.hc.client5.http.impl.classic.ExecChainElement.execute(ExecChainElement.java:51)
	at org.apache.hc.client5.http.impl.classic.ProtocolExec.execute(ProtocolExec.java:192)
	at org.apache.hc.client5.http.impl.classic.ExecChainElement.execute(ExecChainElement.java:51)
	at org.apache.hc.client5.http.impl.classic.HttpRequestRetryExec.execute(HttpRequestRetryExec.java:113)
	at org.apache.hc.client5.http.impl.classic.ExecChainElement.execute(ExecChainElement.java:51)
	at org.apache.hc.client5.http.impl.classic.ContentCompressionExec.execute(ContentCompressionExec.java:152)
	at org.apache.hc.client5.http.impl.classic.ExecChainElement.execute(ExecChainElement.java:51)
	at org.apache.hc.client5.http.impl.classic.RedirectExec.execute(RedirectExec.java:116)
	at org.apache.hc.client5.http.impl.classic.ExecChainElement.execute(ExecChainElement.java:51)
	at org.apache.hc.client5.http.impl.classic.InternalHttpClient.doExecute(InternalHttpClient.java:170)
	at org.apache.hc.client5.http.impl.classic.CloseableHttpClient.execute(CloseableHttpClient.java:87)
	at org.apache.hc.client5.http.impl.classic.CloseableHttpClient.execute(CloseableHttpClient.java:55)
	at org.apache.hc.client5.http.classic.HttpClient.executeOpen(HttpClient.java:183)
	at org.springframework.http.client.HttpComponentsClientHttpRequest.executeInternal(HttpComponentsClientHttpRequest.java:99)
	at org.springframework.http.client.AbstractStreamingClientHttpRequest.executeInternal(AbstractStreamingClientHttpRequest.java:70)
	at org.springframework.http.client.AbstractClientHttpRequest.execute(AbstractClientHttpRequest.java:66)
	at org.springframework.http.client.InterceptingClientHttpRequest$InterceptingRequestExecution.execute(InterceptingClientHttpRequest.java:112)
	at org.springframework.cloud.netflix.eureka.http.RestTemplateTransportClientFactory.lambda$restTemplate$3(RestTemplateTransportClientFactory.java:170)
	at org.springframework.http.client.InterceptingClientHttpRequest$InterceptingRequestExecution.execute(InterceptingClientHttpRequest.java:88)
	at org.springframework.http.client.InterceptingClientHttpRequest.executeInternal(InterceptingClientHttpRequest.java:72)
	at org.springframework.http.client.AbstractBufferingClientHttpRequest.executeInternal(AbstractBufferingClientHttpRequest.java:48)
	at org.springframework.http.client.AbstractClientHttpRequest.execute(AbstractClientHttpRequest.java:66)
	at org.springframework.web.client.RestTemplate.doExecute(RestTemplate.java:889)
	... 19 more

[2025-12-15 14:43:21] [WARN] [] [traceId=] [spanId=] [reqId=] [user=] [c.n.d.s.t.d.RetryableEurekaHttpClient:?] - Request execution failed with message: I/O error on PUT request for "http://localhost:8761/eureka/apps/USERSERVICE/192.168.1.7:userservice:8081": Connect to http://localhost:8761 [localhost/127.0.0.1, localhost/0:0:0:0:0:0:0:1] failed: Connection refused: getsockopt
[2025-12-15 14:43:21] [INFO] [] [traceId=] [spanId=] [reqId=] [user=] [c.n.d.s.t.d.RedirectingEurekaHttpClient:?] - Request execution error. endpoint=DefaultEndpoint{ serviceUrl='http://localhost:8761/eureka/}, exception=I/O error on PUT request for "http://localhost:8761/eureka/apps/USERSERVICE/192.168.1.7:userservice:8081": Connect to http://localhost:8761 [localhost/127.0.0.1, localhost/0:0:0:0:0:0:0:1] failed: Connection refused: getsockopt stacktrace=org.springframework.web.client.ResourceAccessException: I/O error on PUT request for "http://localhost:8761/eureka/apps/USERSERVICE/192.168.1.7:userservice:8081": Connect to http://localhost:8761 [localhost/127.0.0.1, localhost/0:0:0:0:0:0:0:1] failed: Connection refused: getsockopt
	at org.springframework.web.client.RestTemplate.createResourceAccessException(RestTemplate.java:915)
	at org.springframework.web.client.RestTemplate.doExecute(RestTemplate.java:895)
	at org.springframework.web.client.RestTemplate.execute(RestTemplate.java:790)
	at org.springframework.web.client.RestTemplate.exchange(RestTemplate.java:672)
	at org.springframework.cloud.netflix.eureka.http.RestTemplateEurekaHttpClient.sendHeartBeat(RestTemplateEurekaHttpClient.java:99)
	at com.netflix.discovery.shared.transport.decorator.EurekaHttpClientDecorator$3.execute(EurekaHttpClientDecorator.java:92)
	at com.netflix.discovery.shared.transport.decorator.RedirectingEurekaHttpClient.executeOnNewServer(RedirectingEurekaHttpClient.java:121)
	at com.netflix.discovery.shared.transport.decorator.RedirectingEurekaHttpClient.execute(RedirectingEurekaHttpClient.java:80)
	at com.netflix.discovery.shared.transport.decorator.EurekaHttpClientDecorator.sendHeartBeat(EurekaHttpClientDecorator.java:89)
	at com.netflix.discovery.shared.transport.decorator.EurekaHttpClientDecorator$3.execute(EurekaHttpClientDecorator.java:92)
	at com.netflix.discovery.shared.transport.decorator.RetryableEurekaHttpClient.execute(RetryableEurekaHttpClient.java:120)
	at com.netflix.discovery.shared.transport.decorator.EurekaHttpClientDecorator.sendHeartBeat(EurekaHttpClientDecorator.java:89)
	at com.netflix.discovery.shared.transport.decorator.EurekaHttpClientDecorator$3.execute(EurekaHttpClientDecorator.java:92)
	at com.netflix.discovery.shared.transport.decorator.SessionedEurekaHttpClient.execute(SessionedEurekaHttpClient.java:76)
	at com.netflix.discovery.shared.transport.decorator.EurekaHttpClientDecorator.sendHeartBeat(EurekaHttpClientDecorator.java:89)
	at com.netflix.discovery.DiscoveryClient.renew(DiscoveryClient.java:845)
	at com.netflix.discovery.DiscoveryClient$HeartbeatThread.run(DiscoveryClient.java:1402)
	at java.base/java.util.concurrent.Executors$RunnableAdapter.call(Executors.java:539)
	at java.base/java.util.concurrent.FutureTask.run(FutureTask.java:264)
	at java.base/java.util.concurrent.ThreadPoolExecutor.runWorker(ThreadPoolExecutor.java:1136)
	at java.base/java.util.concurrent.ThreadPoolExecutor$Worker.run(ThreadPoolExecutor.java:635)
	at java.base/java.lang.Thread.run(Thread.java:840)
Caused by: org.apache.hc.client5.http.HttpHostConnectException: Connect to http://localhost:8761 [localhost/127.0.0.1, localhost/0:0:0:0:0:0:0:1] failed: Connection refused: getsockopt
	at java.base/sun.nio.ch.Net.pollConnect(Native Method)
	at java.base/sun.nio.ch.Net.pollConnectNow(Net.java:672)
	at java.base/sun.nio.ch.NioSocketImpl.timedFinishConnect(NioSocketImpl.java:547)
	at java.base/sun.nio.ch.NioSocketImpl.connect(NioSocketImpl.java:602)
	at java.base/java.net.SocksSocketImpl.connect(SocksSocketImpl.java:327)
	at java.base/java.net.Socket.connect(Socket.java:633)
	at org.apache.hc.client5.http.socket.PlainConnectionSocketFactory.lambda$connectSocket$0(PlainConnectionSocketFactory.java:91)
	at java.base/java.security.AccessController.doPrivileged(AccessController.java:569)
	at org.apache.hc.client5.http.socket.PlainConnectionSocketFactory.connectSocket(PlainConnectionSocketFactory.java:90)
	at org.apache.hc.client5.http.socket.ConnectionSocketFactory.connectSocket(ConnectionSocketFactory.java:123)
	at org.apache.hc.client5.http.impl.io.DefaultHttpClientConnectionOperator.connect(DefaultHttpClientConnectionOperator.java:189)
	at org.apache.hc.client5.http.impl.io.PoolingHttpClientConnectionManager.connect(PoolingHttpClientConnectionManager.java:450)
	at org.apache.hc.client5.http.impl.classic.InternalExecRuntime.connectEndpoint(InternalExecRuntime.java:162)
	at org.apache.hc.client5.http.impl.classic.InternalExecRuntime.connectEndpoint(InternalExecRuntime.java:172)
	at org.apache.hc.client5.http.impl.classic.ConnectExec.execute(ConnectExec.java:142)
	at org.apache.hc.client5.http.impl.classic.ExecChainElement.execute(ExecChainElement.java:51)
	at org.apache.hc.client5.http.impl.classic.ProtocolExec.execute(ProtocolExec.java:192)
	at org.apache.hc.client5.http.impl.classic.ExecChainElement.execute(ExecChainElement.java:51)
	at org.apache.hc.client5.http.impl.classic.HttpRequestRetryExec.execute(HttpRequestRetryExec.java:113)
	at org.apache.hc.client5.http.impl.classic.ExecChainElement.execute(ExecChainElement.java:51)
	at org.apache.hc.client5.http.impl.classic.ContentCompressionExec.execute(ContentCompressionExec.java:152)
	at org.apache.hc.client5.http.impl.classic.ExecChainElement.execute(ExecChainElement.java:51)
	at org.apache.hc.client5.http.impl.classic.RedirectExec.execute(RedirectExec.java:116)
	at org.apache.hc.client5.http.impl.classic.ExecChainElement.execute(ExecChainElement.java:51)
	at org.apache.hc.client5.http.impl.classic.InternalHttpClient.doExecute(InternalHttpClient.java:170)
	at org.apache.hc.client5.http.impl.classic.CloseableHttpClient.execute(CloseableHttpClient.java:87)
	at org.apache.hc.client5.http.impl.classic.CloseableHttpClient.execute(CloseableHttpClient.java:55)
	at org.apache.hc.client5.http.classic.HttpClient.executeOpen(HttpClient.java:183)
	at org.springframework.http.client.HttpComponentsClientHttpRequest.executeInternal(HttpComponentsClientHttpRequest.java:99)
	at org.springframework.http.client.AbstractStreamingClientHttpRequest.executeInternal(AbstractStreamingClientHttpRequest.java:70)
	at org.springframework.http.client.AbstractClientHttpRequest.execute(AbstractClientHttpRequest.java:66)
	at org.springframework.http.client.InterceptingClientHttpRequest$InterceptingRequestExecution.execute(InterceptingClientHttpRequest.java:112)
	at org.springframework.cloud.netflix.eureka.http.RestTemplateTransportClientFactory.lambda$restTemplate$3(RestTemplateTransportClientFactory.java:170)
	at org.springframework.http.client.InterceptingClientHttpRequest$InterceptingRequestExecution.execute(InterceptingClientHttpRequest.java:88)
	at org.springframework.http.client.InterceptingClientHttpRequest.executeInternal(InterceptingClientHttpRequest.java:72)
	at org.springframework.http.client.AbstractBufferingClientHttpRequest.executeInternal(AbstractBufferingClientHttpRequest.java:48)
	at org.springframework.http.client.AbstractClientHttpRequest.execute(AbstractClientHttpRequest.java:66)
	at org.springframework.web.client.RestTemplate.doExecute(RestTemplate.java:889)
	... 20 more

[2025-12-15 14:43:21] [WARN] [] [traceId=] [spanId=] [reqId=] [user=] [c.n.d.s.t.d.RetryableEurekaHttpClient:?] - Request execution failed with message: I/O error on PUT request for "http://localhost:8761/eureka/apps/USERSERVICE/192.168.1.7:userservice:8081": Connect to http://localhost:8761 [localhost/127.0.0.1, localhost/0:0:0:0:0:0:0:1] failed: Connection refused: getsockopt
[2025-12-15 14:43:21] [ERROR] [] [traceId=] [spanId=] [reqId=] [user=] [c.netflix.discovery.DiscoveryClient:?] - DiscoveryClient_USERSERVICE/192.168.1.7:userservice:8081 - was unable to send heartbeat!
com.netflix.discovery.shared.transport.TransportException: Cannot execute request on any known server
	at com.netflix.discovery.shared.transport.decorator.RetryableEurekaHttpClient.execute(RetryableEurekaHttpClient.java:112)
	at com.netflix.discovery.shared.transport.decorator.EurekaHttpClientDecorator.sendHeartBeat(EurekaHttpClientDecorator.java:89)
	at com.netflix.discovery.shared.transport.decorator.EurekaHttpClientDecorator$3.execute(EurekaHttpClientDecorator.java:92)
	at com.netflix.discovery.shared.transport.decorator.SessionedEurekaHttpClient.execute(SessionedEurekaHttpClient.java:76)
	at com.netflix.discovery.shared.transport.decorator.EurekaHttpClientDecorator.sendHeartBeat(EurekaHttpClientDecorator.java:89)
	at com.netflix.discovery.DiscoveryClient.renew(DiscoveryClient.java:845)
	at com.netflix.discovery.DiscoveryClient$HeartbeatThread.run(DiscoveryClient.java:1402)
	at java.base/java.util.concurrent.Executors$RunnableAdapter.call(Executors.java:539)
	at java.base/java.util.concurrent.FutureTask.run(FutureTask.java:264)
	at java.base/java.util.concurrent.ThreadPoolExecutor.runWorker(ThreadPoolExecutor.java:1136)
	at java.base/java.util.concurrent.ThreadPoolExecutor$Worker.run(ThreadPoolExecutor.java:635)
	at java.base/java.lang.Thread.run(Thread.java:840)
[2025-12-15 14:43:23] [INFO] [] [traceId=] [spanId=] [reqId=] [user=] [c.n.d.s.t.d.RedirectingEurekaHttpClient:?] - Request execution error. endpoint=DefaultEndpoint{ serviceUrl='http://localhost:8761/eureka/} exception=I/O error on GET request for "http://localhost:8761/eureka/apps/delta": Connect to http://localhost:8761 [localhost/127.0.0.1, localhost/0:0:0:0:0:0:0:1] failed: Connection refused: getsockopt stacktrace=org.springframework.web.client.ResourceAccessException: I/O error on GET request for "http://localhost:8761/eureka/apps/delta": Connect to http://localhost:8761 [localhost/127.0.0.1, localhost/0:0:0:0:0:0:0:1] failed: Connection refused: getsockopt
	at org.springframework.web.client.RestTemplate.createResourceAccessException(RestTemplate.java:915)
	at org.springframework.web.client.RestTemplate.doExecute(RestTemplate.java:895)
	at org.springframework.web.client.RestTemplate.execute(RestTemplate.java:790)
	at org.springframework.web.client.RestTemplate.exchange(RestTemplate.java:672)
	at org.springframework.cloud.netflix.eureka.http.RestTemplateEurekaHttpClient.getApplicationsInternal(RestTemplateEurekaHttpClient.java:145)
	at org.springframework.cloud.netflix.eureka.http.RestTemplateEurekaHttpClient.getDelta(RestTemplateEurekaHttpClient.java:155)
	at com.netflix.discovery.shared.transport.decorator.EurekaHttpClientDecorator$7.execute(EurekaHttpClientDecorator.java:152)
	at com.netflix.discovery.shared.transport.decorator.RedirectingEurekaHttpClient.execute(RedirectingEurekaHttpClient.java:91)
	at com.netflix.discovery.shared.transport.decorator.EurekaHttpClientDecorator.getDelta(EurekaHttpClientDecorator.java:149)
	at com.netflix.discovery.shared.transport.decorator.EurekaHttpClientDecorator$7.execute(EurekaHttpClientDecorator.java:152)
	at com.netflix.discovery.shared.transport.decorator.RetryableEurekaHttpClient.execute(RetryableEurekaHttpClient.java:120)
	at com.netflix.discovery.shared.transport.decorator.EurekaHttpClientDecorator.getDelta(EurekaHttpClientDecorator.java:149)
	at com.netflix.discovery.shared.transport.decorator.EurekaHttpClientDecorator$7.execute(EurekaHttpClientDecorator.java:152)
	at com.netflix.discovery.shared.transport.decorator.SessionedEurekaHttpClient.execute(SessionedEurekaHttpClient.java:76)
	at com.netflix.discovery.shared.transport.decorator.EurekaHttpClientDecorator.getDelta(EurekaHttpClientDecorator.java:149)
	at com.netflix.discovery.DiscoveryClient.getAndUpdateDelta(DiscoveryClient.java:1080)
	at com.netflix.discovery.DiscoveryClient.fetchRegistry(DiscoveryClient.java:963)
	at com.netflix.discovery.DiscoveryClient.refreshRegistry(DiscoveryClient.java:1473)
	at com.netflix.discovery.DiscoveryClient$CacheRefreshThread.run(DiscoveryClient.java:1441)
	at java.base/java.util.concurrent.Executors$RunnableAdapter.call(Executors.java:539)
	at java.base/java.util.concurrent.FutureTask.run(FutureTask.java:264)
	at java.base/java.util.concurrent.ThreadPoolExecutor.runWorker(ThreadPoolExecutor.java:1136)
	at java.base/java.util.concurrent.ThreadPoolExecutor$Worker.run(ThreadPoolExecutor.java:635)
	at java.base/java.lang.Thread.run(Thread.java:840)
Caused by: org.apache.hc.client5.http.HttpHostConnectException: Connect to http://localhost:8761 [localhost/127.0.0.1, localhost/0:0:0:0:0:0:0:1] failed: Connection refused: getsockopt
	at java.base/sun.nio.ch.Net.pollConnect(Native Method)
	at java.base/sun.nio.ch.Net.pollConnectNow(Net.java:672)
	at java.base/sun.nio.ch.NioSocketImpl.timedFinishConnect(NioSocketImpl.java:547)
	at java.base/sun.nio.ch.NioSocketImpl.connect(NioSocketImpl.java:602)
	at java.base/java.net.SocksSocketImpl.connect(SocksSocketImpl.java:327)
	at java.base/java.net.Socket.connect(Socket.java:633)
	at org.apache.hc.client5.http.socket.PlainConnectionSocketFactory.lambda$connectSocket$0(PlainConnectionSocketFactory.java:91)
	at java.base/java.security.AccessController.doPrivileged(AccessController.java:569)
	at org.apache.hc.client5.http.socket.PlainConnectionSocketFactory.connectSocket(PlainConnectionSocketFactory.java:90)
	at org.apache.hc.client5.http.socket.ConnectionSocketFactory.connectSocket(ConnectionSocketFactory.java:123)
	at org.apache.hc.client5.http.impl.io.DefaultHttpClientConnectionOperator.connect(DefaultHttpClientConnectionOperator.java:189)
	at org.apache.hc.client5.http.impl.io.PoolingHttpClientConnectionManager.connect(PoolingHttpClientConnectionManager.java:450)
	at org.apache.hc.client5.http.impl.classic.InternalExecRuntime.connectEndpoint(InternalExecRuntime.java:162)
	at org.apache.hc.client5.http.impl.classic.InternalExecRuntime.connectEndpoint(InternalExecRuntime.java:172)
	at org.apache.hc.client5.http.impl.classic.ConnectExec.execute(ConnectExec.java:142)
	at org.apache.hc.client5.http.impl.classic.ExecChainElement.execute(ExecChainElement.java:51)
	at org.apache.hc.client5.http.impl.classic.ProtocolExec.execute(ProtocolExec.java:192)
	at org.apache.hc.client5.http.impl.classic.ExecChainElement.execute(ExecChainElement.java:51)
	at org.apache.hc.client5.http.impl.classic.HttpRequestRetryExec.execute(HttpRequestRetryExec.java:113)
	at org.apache.hc.client5.http.impl.classic.ExecChainElement.execute(ExecChainElement.java:51)
	at org.apache.hc.client5.http.impl.classic.ContentCompressionExec.execute(ContentCompressionExec.java:152)
	at org.apache.hc.client5.http.impl.classic.ExecChainElement.execute(ExecChainElement.java:51)
	at org.apache.hc.client5.http.impl.classic.RedirectExec.execute(RedirectExec.java:116)
	at org.apache.hc.client5.http.impl.classic.ExecChainElement.execute(ExecChainElement.java:51)
	at org.apache.hc.client5.http.impl.classic.InternalHttpClient.doExecute(InternalHttpClient.java:170)
	at org.apache.hc.client5.http.impl.classic.CloseableHttpClient.execute(CloseableHttpClient.java:87)
	at org.apache.hc.client5.http.impl.classic.CloseableHttpClient.execute(CloseableHttpClient.java:55)
	at org.apache.hc.client5.http.classic.HttpClient.executeOpen(HttpClient.java:183)
	at org.springframework.http.client.HttpComponentsClientHttpRequest.executeInternal(HttpComponentsClientHttpRequest.java:99)
	at org.springframework.http.client.AbstractStreamingClientHttpRequest.executeInternal(AbstractStreamingClientHttpRequest.java:70)
	at org.springframework.http.client.AbstractClientHttpRequest.execute(AbstractClientHttpRequest.java:66)
	at org.springframework.http.client.InterceptingClientHttpRequest$InterceptingRequestExecution.execute(InterceptingClientHttpRequest.java:112)
	at org.springframework.cloud.netflix.eureka.http.RestTemplateTransportClientFactory.lambda$restTemplate$3(RestTemplateTransportClientFactory.java:170)
	at org.springframework.http.client.InterceptingClientHttpRequest$InterceptingRequestExecution.execute(InterceptingClientHttpRequest.java:88)
	at org.springframework.http.client.InterceptingClientHttpRequest.executeInternal(InterceptingClientHttpRequest.java:72)
	at org.springframework.http.client.AbstractBufferingClientHttpRequest.executeInternal(AbstractBufferingClientHttpRequest.java:48)
	at org.springframework.http.client.AbstractClientHttpRequest.execute(AbstractClientHttpRequest.java:66)
	at org.springframework.web.client.RestTemplate.doExecute(RestTemplate.java:889)
	... 22 more

[2025-12-15 14:43:23] [WARN] [] [traceId=] [spanId=] [reqId=] [user=] [c.n.d.s.t.d.RetryableEurekaHttpClient:?] - Request execution failed with message: I/O error on GET request for "http://localhost:8761/eureka/apps/delta": Connect to http://localhost:8761 [localhost/127.0.0.1, localhost/0:0:0:0:0:0:0:1] failed: Connection refused: getsockopt
[2025-12-15 14:43:23] [INFO] [] [traceId=] [spanId=] [reqId=] [user=] [c.n.d.s.t.d.RedirectingEurekaHttpClient:?] - Request execution error. endpoint=DefaultEndpoint{ serviceUrl='http://localhost:8761/eureka/}, exception=I/O error on GET request for "http://localhost:8761/eureka/apps/delta": Connect to http://localhost:8761 [localhost/127.0.0.1, localhost/0:0:0:0:0:0:0:1] failed: Connection refused: getsockopt stacktrace=org.springframework.web.client.ResourceAccessException: I/O error on GET request for "http://localhost:8761/eureka/apps/delta": Connect to http://localhost:8761 [localhost/127.0.0.1, localhost/0:0:0:0:0:0:0:1] failed: Connection refused: getsockopt
	at org.springframework.web.client.RestTemplate.createResourceAccessException(RestTemplate.java:915)
	at org.springframework.web.client.RestTemplate.doExecute(RestTemplate.java:895)
	at org.springframework.web.client.RestTemplate.execute(RestTemplate.java:790)
	at org.springframework.web.client.RestTemplate.exchange(RestTemplate.java:672)
	at org.springframework.cloud.netflix.eureka.http.RestTemplateEurekaHttpClient.getApplicationsInternal(RestTemplateEurekaHttpClient.java:145)
	at org.springframework.cloud.netflix.eureka.http.RestTemplateEurekaHttpClient.getDelta(RestTemplateEurekaHttpClient.java:155)
	at com.netflix.discovery.shared.transport.decorator.EurekaHttpClientDecorator$7.execute(EurekaHttpClientDecorator.java:152)
	at com.netflix.discovery.shared.transport.decorator.RedirectingEurekaHttpClient.executeOnNewServer(RedirectingEurekaHttpClient.java:121)
	at com.netflix.discovery.shared.transport.decorator.RedirectingEurekaHttpClient.execute(RedirectingEurekaHttpClient.java:80)
	at com.netflix.discovery.shared.transport.decorator.EurekaHttpClientDecorator.getDelta(EurekaHttpClientDecorator.java:149)
	at com.netflix.discovery.shared.transport.decorator.EurekaHttpClientDecorator$7.execute(EurekaHttpClientDecorator.java:152)
	at com.netflix.discovery.shared.transport.decorator.RetryableEurekaHttpClient.execute(RetryableEurekaHttpClient.java:120)
	at com.netflix.discovery.shared.transport.decorator.EurekaHttpClientDecorator.getDelta(EurekaHttpClientDecorator.java:149)
	at com.netflix.discovery.shared.transport.decorator.EurekaHttpClientDecorator$7.execute(EurekaHttpClientDecorator.java:152)
	at com.netflix.discovery.shared.transport.decorator.SessionedEurekaHttpClient.execute(SessionedEurekaHttpClient.java:76)
	at com.netflix.discovery.shared.transport.decorator.EurekaHttpClientDecorator.getDelta(EurekaHttpClientDecorator.java:149)
	at com.netflix.discovery.DiscoveryClient.getAndUpdateDelta(DiscoveryClient.java:1080)
	at com.netflix.discovery.DiscoveryClient.fetchRegistry(DiscoveryClient.java:963)
	at com.netflix.discovery.DiscoveryClient.refreshRegistry(DiscoveryClient.java:1473)
	at com.netflix.discovery.DiscoveryClient$CacheRefreshThread.run(DiscoveryClient.java:1441)
	at java.base/java.util.concurrent.Executors$RunnableAdapter.call(Executors.java:539)
	at java.base/java.util.concurrent.FutureTask.run(FutureTask.java:264)
	at java.base/java.util.concurrent.ThreadPoolExecutor.runWorker(ThreadPoolExecutor.java:1136)
	at java.base/java.util.concurrent.ThreadPoolExecutor$Worker.run(ThreadPoolExecutor.java:635)
	at java.base/java.lang.Thread.run(Thread.java:840)
Caused by: org.apache.hc.client5.http.HttpHostConnectException: Connect to http://localhost:8761 [localhost/127.0.0.1, localhost/0:0:0:0:0:0:0:1] failed: Connection refused: getsockopt
	at java.base/sun.nio.ch.Net.pollConnect(Native Method)
	at java.base/sun.nio.ch.Net.pollConnectNow(Net.java:672)
	at java.base/sun.nio.ch.NioSocketImpl.timedFinishConnect(NioSocketImpl.java:547)
	at java.base/sun.nio.ch.NioSocketImpl.connect(NioSocketImpl.java:602)
	at java.base/java.net.SocksSocketImpl.connect(SocksSocketImpl.java:327)
	at java.base/java.net.Socket.connect(Socket.java:633)
	at org.apache.hc.client5.http.socket.PlainConnectionSocketFactory.lambda$connectSocket$0(PlainConnectionSocketFactory.java:91)
	at java.base/java.security.AccessController.doPrivileged(AccessController.java:569)
	at org.apache.hc.client5.http.socket.PlainConnectionSocketFactory.connectSocket(PlainConnectionSocketFactory.java:90)
	at org.apache.hc.client5.http.socket.ConnectionSocketFactory.connectSocket(ConnectionSocketFactory.java:123)
	at org.apache.hc.client5.http.impl.io.DefaultHttpClientConnectionOperator.connect(DefaultHttpClientConnectionOperator.java:189)
	at org.apache.hc.client5.http.impl.io.PoolingHttpClientConnectionManager.connect(PoolingHttpClientConnectionManager.java:450)
	at org.apache.hc.client5.http.impl.classic.InternalExecRuntime.connectEndpoint(InternalExecRuntime.java:162)
	at org.apache.hc.client5.http.impl.classic.InternalExecRuntime.connectEndpoint(InternalExecRuntime.java:172)
	at org.apache.hc.client5.http.impl.classic.ConnectExec.execute(ConnectExec.java:142)
	at org.apache.hc.client5.http.impl.classic.ExecChainElement.execute(ExecChainElement.java:51)
	at org.apache.hc.client5.http.impl.classic.ProtocolExec.execute(ProtocolExec.java:192)
	at org.apache.hc.client5.http.impl.classic.ExecChainElement.execute(ExecChainElement.java:51)
	at org.apache.hc.client5.http.impl.classic.HttpRequestRetryExec.execute(HttpRequestRetryExec.java:113)
	at org.apache.hc.client5.http.impl.classic.ExecChainElement.execute(ExecChainElement.java:51)
	at org.apache.hc.client5.http.impl.classic.ContentCompressionExec.execute(ContentCompressionExec.java:152)
	at org.apache.hc.client5.http.impl.classic.ExecChainElement.execute(ExecChainElement.java:51)
	at org.apache.hc.client5.http.impl.classic.RedirectExec.execute(RedirectExec.java:116)
	at org.apache.hc.client5.http.impl.classic.ExecChainElement.execute(ExecChainElement.java:51)
	at org.apache.hc.client5.http.impl.classic.InternalHttpClient.doExecute(InternalHttpClient.java:170)
	at org.apache.hc.client5.http.impl.classic.CloseableHttpClient.execute(CloseableHttpClient.java:87)
	at org.apache.hc.client5.http.impl.classic.CloseableHttpClient.execute(CloseableHttpClient.java:55)
	at org.apache.hc.client5.http.classic.HttpClient.executeOpen(HttpClient.java:183)
	at org.springframework.http.client.HttpComponentsClientHttpRequest.executeInternal(HttpComponentsClientHttpRequest.java:99)
	at org.springframework.http.client.AbstractStreamingClientHttpRequest.executeInternal(AbstractStreamingClientHttpRequest.java:70)
	at org.springframework.http.client.AbstractClientHttpRequest.execute(AbstractClientHttpRequest.java:66)
	at org.springframework.http.client.InterceptingClientHttpRequest$InterceptingRequestExecution.execute(InterceptingClientHttpRequest.java:112)
	at org.springframework.cloud.netflix.eureka.http.RestTemplateTransportClientFactory.lambda$restTemplate$3(RestTemplateTransportClientFactory.java:170)
	at org.springframework.http.client.InterceptingClientHttpRequest$InterceptingRequestExecution.execute(InterceptingClientHttpRequest.java:88)
	at org.springframework.http.client.InterceptingClientHttpRequest.executeInternal(InterceptingClientHttpRequest.java:72)
	at org.springframework.http.client.AbstractBufferingClientHttpRequest.executeInternal(AbstractBufferingClientHttpRequest.java:48)
	at org.springframework.http.client.AbstractClientHttpRequest.execute(AbstractClientHttpRequest.java:66)
	at org.springframework.web.client.RestTemplate.doExecute(RestTemplate.java:889)
	... 23 more

[2025-12-15 14:43:23] [WARN] [] [traceId=] [spanId=] [reqId=] [user=] [c.n.d.s.t.d.RetryableEurekaHttpClient:?] - Request execution failed with message: I/O error on GET request for "http://localhost:8761/eureka/apps/delta": Connect to http://localhost:8761 [localhost/127.0.0.1, localhost/0:0:0:0:0:0:0:1] failed: Connection refused: getsockopt
[2025-12-15 14:43:23] [INFO] [] [traceId=] [spanId=] [reqId=] [user=] [c.netflix.discovery.DiscoveryClient:?] - DiscoveryClient_USERSERVICE/192.168.1.7:userservice:8081 - was unable to refresh its cache! This periodic background refresh will be retried in 30 seconds. status = Cannot execute request on any known server stacktrace = com.netflix.discovery.shared.transport.TransportException: Cannot execute request on any known server
	at com.netflix.discovery.shared.transport.decorator.RetryableEurekaHttpClient.execute(RetryableEurekaHttpClient.java:112)
	at com.netflix.discovery.shared.transport.decorator.EurekaHttpClientDecorator.getDelta(EurekaHttpClientDecorator.java:149)
	at com.netflix.discovery.shared.transport.decorator.EurekaHttpClientDecorator$7.execute(EurekaHttpClientDecorator.java:152)
	at com.netflix.discovery.shared.transport.decorator.SessionedEurekaHttpClient.execute(SessionedEurekaHttpClient.java:76)
	at com.netflix.discovery.shared.transport.decorator.EurekaHttpClientDecorator.getDelta(EurekaHttpClientDecorator.java:149)
	at com.netflix.discovery.DiscoveryClient.getAndUpdateDelta(DiscoveryClient.java:1080)
	at com.netflix.discovery.DiscoveryClient.fetchRegistry(DiscoveryClient.java:963)
	at com.netflix.discovery.DiscoveryClient.refreshRegistry(DiscoveryClient.java:1473)
	at com.netflix.discovery.DiscoveryClient$CacheRefreshThread.run(DiscoveryClient.java:1441)
	at java.base/java.util.concurrent.Executors$RunnableAdapter.call(Executors.java:539)
	at java.base/java.util.concurrent.FutureTask.run(FutureTask.java:264)
	at java.base/java.util.concurrent.ThreadPoolExecutor.runWorker(ThreadPoolExecutor.java:1136)
	at java.base/java.util.concurrent.ThreadPoolExecutor$Worker.run(ThreadPoolExecutor.java:635)
	at java.base/java.lang.Thread.run(Thread.java:840)

[2025-12-15 14:43:52] [INFO] [] [traceId=] [spanId=] [reqId=] [user=] [c.netflix.discovery.DiscoveryClient:?] - DiscoveryClient_USERSERVICE/192.168.1.7:userservice:8081 - Re-registering apps/USERSERVICE
[2025-12-15 14:43:52] [INFO] [] [traceId=] [spanId=] [reqId=] [user=] [c.netflix.discovery.DiscoveryClient:?] - DiscoveryClient_USERSERVICE/192.168.1.7:userservice:8081: registering service...
[2025-12-15 14:43:52] [INFO] [] [traceId=] [spanId=] [reqId=] [user=] [c.netflix.discovery.DiscoveryClient:?] - DiscoveryClient_USERSERVICE/192.168.1.7:userservice:8081 - registration status: 204
[2025-12-15 14:44:23] [INFO] [] [traceId=] [spanId=] [reqId=] [user=] [c.netflix.discovery.DiscoveryClient:?] - Disable delta property : false
[2025-12-15 14:44:23] [INFO] [] [traceId=] [spanId=] [reqId=] [user=] [c.netflix.discovery.DiscoveryClient:?] - Single vip registry refresh property : null
[2025-12-15 14:44:23] [INFO] [] [traceId=] [spanId=] [reqId=] [user=] [c.netflix.discovery.DiscoveryClient:956] - Force full registry fetch : false
[2025-12-15 14:44:23] [INFO] [] [traceId=] [spanId=] [reqId=] [user=] [c.netflix.discovery.DiscoveryClient:957] - Application is null : false
[2025-12-15 14:44:23] [INFO] [] [traceId=] [spanId=] [reqId=] [user=] [c.netflix.discovery.DiscoveryClient:?] - Registered Applications size is zero : true
[2025-12-15 14:44:23] [INFO] [] [traceId=] [spanId=] [reqId=] [user=] [c.netflix.discovery.DiscoveryClient:?] - Application version is -1: false
[2025-12-15 14:44:23] [INFO] [] [traceId=] [spanId=] [reqId=] [user=] [c.netflix.discovery.DiscoveryClient:?] - Getting all instance registry info from the eureka server
[2025-12-15 14:44:23] [INFO] [] [traceId=] [spanId=] [reqId=] [user=] [c.netflix.discovery.DiscoveryClient:?] - The response status is 200
[2025-12-15 14:44:38] [INFO] [] [traceId=] [spanId=] [reqId=] [user=] [o.s.c.n.e.s.EurekaServiceRegistry:?] - Unregistering application USERSERVICE with eureka with status DOWN
[2025-12-15 14:44:38] [INFO] [] [traceId=] [spanId=] [reqId=] [user=] [c.netflix.discovery.DiscoveryClient:?] - Saw local status change event StatusChangeEvent [timestamp=1765790078098, current=DOWN, previous=UP]
[2025-12-15 14:44:38] [INFO] [] [traceId=] [spanId=] [reqId=] [user=] [c.netflix.discovery.DiscoveryClient:?] - DiscoveryClient_USERSERVICE/192.168.1.7:userservice:8081: registering service...
[2025-12-15 14:44:38] [INFO] [] [traceId=] [spanId=] [reqId=] [user=] [c.netflix.discovery.DiscoveryClient:?] - DiscoveryClient_USERSERVICE/192.168.1.7:userservice:8081 - registration status: 204
[2025-12-15 14:44:38] [INFO] [] [traceId=] [spanId=] [reqId=] [user=] [o.s.o.j.LocalContainerEntityManagerFactoryBean:?] - Closing JPA EntityManagerFactory for persistence unit 'default'
[2025-12-15 14:44:38] [INFO] [] [traceId=] [spanId=] [reqId=] [user=] [com.zaxxer.hikari.HikariDataSource:?] - HikariPool-1 - Shutdown initiated...
[2025-12-15 14:44:38] [INFO] [] [traceId=] [spanId=] [reqId=] [user=] [com.zaxxer.hikari.HikariDataSource:?] - HikariPool-1 - Shutdown completed.
[2025-12-15 14:44:38] [INFO] [] [traceId=] [spanId=] [reqId=] [user=] [c.netflix.discovery.DiscoveryClient:?] - Shutting down DiscoveryClient ...
[2025-12-15 14:44:41] [INFO] [] [traceId=] [spanId=] [reqId=] [user=] [c.netflix.discovery.DiscoveryClient:?] - Unregistering ...
[2025-12-15 14:44:41] [INFO] [] [traceId=] [spanId=] [reqId=] [user=] [c.netflix.discovery.DiscoveryClient:?] - DiscoveryClient_USERSERVICE/192.168.1.7:userservice:8081 - deregister  status: 200
[2025-12-15 14:44:41] [INFO] [] [traceId=] [spanId=] [reqId=] [user=] [c.netflix.discovery.DiscoveryClient:?] - Completed shut down of DiscoveryClient
